Watching for file changes with StatReloader
Waiting for apps ready_event.
Apps ready_event triggered. Sending autoreload_started signal.
Watching dir E:\python\django\News\News\NewsApp\templates with glob **/*.
Watching dir E:\python\django\News\.venv\src\django-debug-toolbar\debug_toolbar\templates with glob **/*.
Watching dir E:\python\django\News\News\user_data\templates with glob **/*.
Watching dir E:\python\django\News\News\templates with glob **/*.
Watching dir E:\python\django\News\.venv\Lib\site-packages\bootstrap5\templates with glob **/*.
Watching dir E:\python\django\News\News\locale with glob **/*.mo.
Watching dir E:\python\django\News\News\NewsApp\locale with glob **/*.mo.
Watching dir E:\python\django\News\.venv\Lib\site-packages\bootstrap5\locale with glob **/*.mo.
Watching dir E:\python\django\News\News\user_data\locale with glob **/*.mo.
Watching dir E:\python\django\News\.venv\src\django-debug-toolbar\debug_toolbar\locale with glob **/*.mo.
File C:\Python312\Lib\gzip.py first seen with mtime 1717692852.0
File E:\python\django\News\.venv\src\django-debug-toolbar\debug_toolbar\panels\history\panel.py first seen with mtime 1725577675.1626127
File E:\python\django\News\.venv\Lib\site-packages\django\db\backends\utils.py first seen with mtime 1725236917.0352747
File C:\Python312\Lib\asyncio\log.py first seen with mtime 1717692852.0
File E:\python\django\News\.venv\Lib\site-packages\django\utils\http.py first seen with mtime 1725236918.0208914
File C:\Python312\Lib\email\feedparser.py first seen with mtime 1717692852.0
File C:\Python312\Lib\asyncio\tasks.py first seen with mtime 1717692852.0
File E:\python\django\News\News\user_data\__init__.py first seen with mtime 1725572787.7017376
File C:\Python312\DLLs\_wmi.pyd first seen with mtime 1717692902.0
File E:\python\django\News\.venv\Lib\site-packages\django\contrib\staticfiles\utils.py first seen with mtime 1725236916.6624186
File C:\Python312\Lib\email\iterators.py first seen with mtime 1717692852.0
File E:\python\django\News\.venv\Lib\site-packages\django\utils\hashable.py first seen with mtime 1725236918.0208914
File E:\python\django\News\.venv\src\django-debug-toolbar\debug_toolbar\panels\sql\tracking.py first seen with mtime 1725577675.2880616
File C:\Python312\DLLs\_ssl.pyd first seen with mtime 1717692902.0
File E:\python\django\News\.venv\Lib\site-packages\django\contrib\sessions\models.py first seen with mtime 1725236914.7942402
File E:\python\django\News\.venv\Lib\site-packages\django\core\mail\utils.py first seen with mtime 1725236916.9727707
File C:\Python312\Lib\nturl2path.py first seen with mtime 1717692852.0
File C:\Python312\DLLs\_bz2.pyd first seen with mtime 1717692902.0
File E:\python\django\News\.venv\Lib\site-packages\django\db\models\functions\text.py first seen with mtime 1725236917.3475165
File C:\Python312\Lib\zoneinfo\_tzpath.py first seen with mtime 1717692852.0
File E:\python\django\News\.venv\Lib\site-packages\django\contrib\sessions\backends\__init__.py first seen with mtime 1725236914.7942402
File E:\python\django\News\.venv\Lib\site-packages\django\core\checks\async_checks.py first seen with mtime 1725236916.9259002
File E:\python\django\News\.venv\Lib\site-packages\django\utils\connection.py first seen with mtime 1725236918.0052688
File E:\python\django\News\.venv\Lib\site-packages\asgiref\__init__.py first seen with mtime 1725061963.3003006
File E:\python\django\News\.venv\Lib\site-packages\django\urls\exceptions.py first seen with mtime 1725236917.989647
File E:\python\django\News\.venv\Lib\site-packages\bootstrap5\templatetags\__init__.py first seen with mtime 1725236953.235813
File E:\python\django\News\.venv\Lib\site-packages\django\db\backends\base\operations.py first seen with mtime 1725236917.0508993
File E:\python\django\News\.venv\Lib\site-packages\django\contrib\messages\apps.py first seen with mtime 1725236913.551378
File E:\python\django\News\.venv\Lib\site-packages\sqlparse\utils.py first seen with mtime 1725061962.2690134
File C:\Python312\Lib\importlib\resources\abc.py first seen with mtime 1717692852.0
File E:\python\django\News\.venv\Lib\site-packages\django\contrib\admin\checks.py first seen with mtime 1725236900.5700426
File C:\Python312\Lib\queue.py first seen with mtime 1717692852.0
File E:\python\django\News\.venv\Lib\site-packages\django\core\serializers\json.py first seen with mtime 1725236917.0196514
File C:\Python312\Lib\datetime.py first seen with mtime 1717692852.0
File E:\python\django\News\.venv\Lib\site-packages\django\contrib\admin\__init__.py first seen with mtime 1725236900.5700426
File E:\python\django\News\.venv\Lib\site-packages\django\db\backends\sqlite3\operations.py first seen with mtime 1725236917.191958
File C:\Python312\Lib\http\cookies.py first seen with mtime 1717692852.0
File E:\python\django\News\.venv\src\django-debug-toolbar\debug_toolbar\panels\request.py first seen with mtime 1725577675.1626127
File E:\python\django\News\.venv\Lib\site-packages\django\core\checks\caches.py first seen with mtime 1725236916.9259002
File C:\Python312\Lib\logging\config.py first seen with mtime 1717692852.0
File E:\python\django\News\.venv\src\django-debug-toolbar\debug_toolbar\panels\headers.py first seen with mtime 1725577675.1626127
File E:\python\django\News\.venv\Lib\site-packages\django\utils\termcolors.py first seen with mtime 1725236918.0521455
File E:\python\django\News\.venv\Lib\site-packages\bootstrap5\forms.py first seen with mtime 1725236953.235813
File C:\Python312\DLLs\_lzma.pyd first seen with mtime 1717692902.0
File C:\Python312\Lib\traceback.py first seen with mtime 1717692852.0
File E:\python\django\News\.venv\Lib\site-packages\django\core\serializers\base.py first seen with mtime 1725236917.0196514
File E:\python\django\News\.venv\Lib\site-packages\django\contrib\sessions\base_session.py first seen with mtime 1725236914.7942402
File E:\python\django\News\.venv\Lib\site-packages\django\db\models\sql\query.py first seen with mtime 1725236917.3635578
File C:\Python312\Lib\concurrent\futures\__init__.py first seen with mtime 1717692852.0
File E:\python\django\News\.venv\Lib\site-packages\django\contrib\admin\widgets.py first seen with mtime 1725236900.6012993
File E:\python\django\News\.venv\Lib\site-packages\django\contrib\messages\storage\__init__.py first seen with mtime 1725236913.5579484
File E:\python\django\News\.venv\Lib\site-packages\django\utils\datastructures.py first seen with mtime 1725236918.0052688
File C:\Python312\Lib\wsgiref\handlers.py first seen with mtime 1717692852.0
File E:\python\django\News\.venv\src\django-debug-toolbar\debug_toolbar\panels\__init__.py first seen with mtime 1725577675.1469824
File E:\python\django\News\.venv\Lib\site-packages\django\contrib\admin\templatetags\admin_modify.py first seen with mtime 1725236902.9491036
File C:\Python312\Lib\statistics.py first seen with mtime 1717692852.0
File E:\python\django\News\.venv\Lib\site-packages\django\test\__init__.py first seen with mtime 1725236917.9740157
File E:\python\django\News\.venv\Lib\site-packages\django\contrib\sites\__init__.py first seen with mtime 1725236915.9237168
File C:\Python312\Lib\email\message.py first seen with mtime 1717692852.0
File C:\Python312\DLLs\_queue.pyd first seen with mtime 1717692902.0
File E:\python\django\News\News\user_data\urls.py first seen with mtime 1725576404.1703358
File E:\python\django\News\.venv\Lib\site-packages\django\contrib\admin\apps.py first seen with mtime 1725236900.5700426
File E:\python\django\News\.venv\Lib\site-packages\django\db\backends\base\schema.py first seen with mtime 1725236917.0508993
File C:\Python312\DLLs\_uuid.pyd first seen with mtime 1717692902.0
File C:\Python312\Lib\secrets.py first seen with mtime 1717692852.0
File C:\Python312\Lib\bisect.py first seen with mtime 1717692852.0
File E:\python\django\News\.venv\Lib\site-packages\django\forms\utils.py first seen with mtime 1725236917.4104533
File E:\python\django\News\.venv\Lib\site-packages\sqlparse\engine\__init__.py first seen with mtime 1725061962.2690134
File C:\Python312\Lib\urllib\parse.py first seen with mtime 1717692852.0
File C:\Python312\Lib\json\scanner.py first seen with mtime 1717692852.0
File E:\python\django\News\.venv\Lib\site-packages\django\contrib\messages\__init__.py first seen with mtime 1725236913.5493748
File E:\python\django\News\.venv\Lib\site-packages\bootstrap5\templatetags\bootstrap5.py first seen with mtime 1725236953.235813
File C:\Python312\Lib\html\parser.py first seen with mtime 1717692852.0
File E:\python\django\News\.venv\Lib\site-packages\django\db\backends\sqlite3\client.py first seen with mtime 1725236917.191958
File E:\python\django\News\.venv\Lib\site-packages\django\dispatch\__init__.py first seen with mtime 1725236917.3948307
File E:\python\django\News\News\NewsApp\__init__.py first seen with mtime 1725062684.0104377
File E:\python\django\News\.venv\Lib\site-packages\django\template\loaders\__init__.py first seen with mtime 1725236917.9740157
File C:\Python312\Lib\importlib\abc.py first seen with mtime 1717692852.0
File E:\python\django\News\News\NewsApp\forms.py first seen with mtime 1725201010.4206932
File E:\python\django\News\.venv\Lib\site-packages\django\db\models\aggregates.py first seen with mtime 1725236917.2401092
File C:\Python312\Lib\ctypes\_endian.py first seen with mtime 1717692852.0
File C:\Python312\Lib\xml\dom\xmlbuilder.py first seen with mtime 1717692852.0
File C:\Python312\Lib\json\__init__.py first seen with mtime 1717692852.0
File E:\python\django\News\.venv\Lib\site-packages\django\contrib\auth\checks.py first seen with mtime 1725236907.9464543
File E:\python\django\News\News\user_data\models.py first seen with mtime 1725572787.6861
File C:\Python312\Lib\email\contentmanager.py first seen with mtime 1717692852.0
File C:\Python312\Lib\gettext.py first seen with mtime 1717692852.0
File C:\Python312\Lib\fractions.py first seen with mtime 1717692852.0
File E:\python\django\News\.venv\Lib\site-packages\django\contrib\messages\constants.py first seen with mtime 1725236913.551378
File E:\python\django\News\.venv\Lib\site-packages\django\contrib\contenttypes\admin.py first seen with mtime 1725236909.0899262
File C:\Python312\Lib\email\charset.py first seen with mtime 1717692852.0
File E:\python\django\News\.venv\Lib\site-packages\django\core\management\color.py first seen with mtime 1725236916.9884074
File C:\Python312\Lib\email\_header_value_parser.py first seen with mtime 1717692852.0
File C:\Python312\Lib\email\__init__.py first seen with mtime 1717692852.0
File C:\Python312\Lib\unittest\__init__.py first seen with mtime 1717692852.0
File E:\python\django\News\.venv\Lib\site-packages\django\core\handlers\asgi.py first seen with mtime 1725236916.9727707
File E:\python\django\News\.venv\src\django-debug-toolbar\debug_toolbar\panels\templates\views.py first seen with mtime 1725577675.3505564
File C:\Python312\Lib\linecache.py first seen with mtime 1717692852.0
File C:\Python312\Lib\multiprocessing\reduction.py first seen with mtime 1717692852.0
File C:\Python312\DLLs\select.pyd first seen with mtime 1717692902.0
File E:\python\django\News\.venv\Lib\site-packages\django\utils\tree.py first seen with mtime 1725236918.0521455
File C:\Python312\Lib\html\__init__.py first seen with mtime 1717692852.0
File E:\python\django\News\.venv\Lib\site-packages\django\db\models\sql\constants.py first seen with mtime 1725236917.3610418
File E:\python\django\News\.venv\Lib\site-packages\django\utils\version.py first seen with mtime 1725236918.0521455
File C:\Python312\Lib\fnmatch.py first seen with mtime 1717692852.0
File E:\python\django\News\.venv\Lib\site-packages\django\template\context.py first seen with mtime 1725236917.7546413
File E:\python\django\News\.venv\Lib\site-packages\django\core\checks\messages.py first seen with mtime 1725236916.9259002
File E:\python\django\News\.venv\Lib\site-packages\django\core\files\uploadhandler.py first seen with mtime 1725236916.9415207
File E:\python\django\News\.venv\Lib\site-packages\django\db\models\utils.py first seen with mtime 1725236917.3318887
File C:\Python312\Lib\unittest\util.py first seen with mtime 1717692852.0
File E:\python\django\News\.venv\Lib\site-packages\django\core\__init__.py first seen with mtime 1725236916.8633807
File E:\python\django\News\.venv\Lib\site-packages\django\utils\ipv6.py first seen with mtime 1725236918.0365124
File C:\Python312\Lib\operator.py first seen with mtime 1717692852.0
File E:\python\django\News\.venv\Lib\site-packages\django\template\loaders\filesystem.py first seen with mtime 1725236917.9740157
File E:\python\django\News\.venv\Lib\site-packages\django\contrib\messages\storage\base.py first seen with mtime 1725236913.5579484
File C:\Python312\Lib\logging\__init__.py first seen with mtime 1717692852.0
File E:\python\django\News\.venv\Lib\site-packages\django\contrib\staticfiles\management\__init__.py first seen with mtime 1725236916.678035
File E:\python\django\News\News\manage.py first seen with mtime 1725062256.15052
File E:\python\django\News\.venv\Lib\site-packages\django\db\migrations\__init__.py first seen with mtime 1725236917.191958
File C:\Python312\Lib\heapq.py first seen with mtime 1717692852.0
File C:\Python312\Lib\profile.py first seen with mtime 1717692852.0
File E:\python\django\News\.venv\Lib\site-packages\django\utils\autoreload.py first seen with mtime 1725236918.0052688
File E:\python\django\News\.venv\Lib\site-packages\django\contrib\auth\forms.py first seen with mtime 1725236907.9464543
File E:\python\django\News\News\user_data\admin.py first seen with mtime 1725572787.6828034
File E:\python\django\News\.venv\Lib\site-packages\django\core\handlers\__init__.py first seen with mtime 1725236916.9727707
File E:\python\django\News\.venv\Lib\site-packages\django\forms\widgets.py first seen with mtime 1725236917.4104533
File E:\python\django\News\.venv\Lib\site-packages\django\contrib\sessions\exceptions.py first seen with mtime 1725236914.7942402
File C:\Python312\Lib\unittest\case.py first seen with mtime 1717692852.0
File C:\Python312\Lib\importlib\metadata\__init__.py first seen with mtime 1717692852.0
File E:\python\django\News\.venv\Lib\site-packages\django\urls\__init__.py first seen with mtime 1725236917.989647
File E:\python\django\News\.venv\Lib\site-packages\django\urls\converters.py first seen with mtime 1725236917.989647
File E:\python\django\News\.venv\Lib\site-packages\django\db\models\sql\datastructures.py first seen with mtime 1725236917.3635578
File E:\python\django\News\.venv\Lib\site-packages\django\forms\boundfield.py first seen with mtime 1725236917.3948307
File E:\python\django\News\.venv\Lib\site-packages\django\views\generic\__init__.py first seen with mtime 1725236918.1146414
File C:\Python312\Lib\string.py first seen with mtime 1717692852.0
File C:\Python312\Lib\_markupbase.py first seen with mtime 1717692852.0
File E:\python\django\News\.venv\Lib\site-packages\django\contrib\sites\shortcuts.py first seen with mtime 1725236915.9237168
File E:\python\django\News\.venv\Lib\site-packages\django\template\utils.py first seen with mtime 1725236917.8017027
File C:\Python312\Lib\asyncio\windows_events.py first seen with mtime 1717692852.0
File C:\Python312\Lib\sysconfig.py first seen with mtime 1717692852.0
File C:\Python312\Lib\asyncio\format_helpers.py first seen with mtime 1717692852.0
File E:\python\django\News\.venv\Lib\site-packages\django\core\serializers\__init__.py first seen with mtime 1725236917.0196514
File C:\Python312\Lib\asyncio\futures.py first seen with mtime 1717692852.0
File C:\Python312\DLLs\_ctypes.pyd first seen with mtime 1717692902.0
File E:\python\django\News\.venv\Lib\site-packages\django\contrib\admin\templatetags\__init__.py first seen with mtime 1725236902.9460976
File C:\Python312\Lib\unittest\result.py first seen with mtime 1717692852.0
File E:\python\django\News\.venv\src\django-debug-toolbar\debug_toolbar\panels\templates\__init__.py first seen with mtime 1725577675.3349326
File E:\python\django\News\.venv\Lib\site-packages\django\core\signing.py first seen with mtime 1725236916.8946774
File E:\python\django\News\.venv\Lib\site-packages\django\contrib\staticfiles\handlers.py first seen with mtime 1725236916.6624186
File C:\Python312\Lib\wsgiref\headers.py first seen with mtime 1717692852.0
File E:\python\django\News\.venv\Lib\site-packages\django\apps\config.py first seen with mtime 1725236899.8531036
File E:\python\django\News\.venv\Lib\site-packages\django\db\backends\sqlite3\introspection.py first seen with mtime 1725236917.191958
File E:\python\django\News\.venv\src\django-debug-toolbar\debug_toolbar\apps.py first seen with mtime 1725577675.0835266
File E:\python\django\News\.venv\Lib\site-packages\asgiref\sync.py first seen with mtime 1725061963.3159037
File E:\python\django\News\News\NewsApp\templatetags\task_filters.py first seen with mtime 1725378758.8221397
File E:\python\django\News\.venv\Lib\site-packages\django\contrib\staticfiles\storage.py first seen with mtime 1725236916.6624186
File C:\Python312\Lib\warnings.py first seen with mtime 1717692852.0
File C:\Python312\Lib\zipfile\_path\__init__.py first seen with mtime 1717692852.0
File C:\Python312\Lib\shutil.py first seen with mtime 1717692852.0
File C:\Python312\Lib\email\mime\message.py first seen with mtime 1717692852.0
File C:\Python312\Lib\_compat_pickle.py first seen with mtime 1717692852.0
File C:\Python312\DLLs\_asyncio.pyd first seen with mtime 1717692902.0
File E:\python\django\News\.venv\Lib\site-packages\django\core\handlers\base.py first seen with mtime 1725236916.9727707
File E:\python\django\News\.venv\Lib\site-packages\django\db\models\functions\math.py first seen with mtime 1725236917.3475165
File E:\python\django\News\.venv\src\django-debug-toolbar\debug_toolbar\panels\sql\__init__.py first seen with mtime 1725577675.2567947
File C:\Python312\Lib\cProfile.py first seen with mtime 1717692852.0
File E:\python\django\News\.venv\Lib\site-packages\sqlparse\__init__.py first seen with mtime 1725061962.2533822
File E:\python\django\News\.venv\Lib\site-packages\django\core\signals.py first seen with mtime 1725236916.8946774
File C:\Python312\Lib\unittest\signals.py first seen with mtime 1717692852.0
File E:\python\django\News\.venv\Lib\site-packages\django\utils\topological_sort.py first seen with mtime 1725236918.0521455
File C:\Python312\Lib\asyncio\streams.py first seen with mtime 1717692852.0
File E:\python\django\News\.venv\Lib\site-packages\django\db\models\fields\related_descriptors.py first seen with mtime 1725236917.3318887
File E:\python\django\News\.venv\Lib\site-packages\django\views\generic\dates.py first seen with mtime 1725236918.1146414
File E:\python\django\News\.venv\Lib\site-packages\django\contrib\admin\templatetags\admin_list.py first seen with mtime 1725236902.9471004
File E:\python\django\News\.venv\Lib\site-packages\django\utils\text.py first seen with mtime 1725236918.0521455
File E:\python\django\News\.venv\Lib\site-packages\django\contrib\admin\sites.py first seen with mtime 1725236900.5856645
File E:\python\django\News\.venv\Lib\site-packages\django\db\models\functions\datetime.py first seen with mtime 1725236917.3475165
File C:\Python312\Lib\copy.py first seen with mtime 1717692852.0
File E:\python\django\News\.venv\Lib\site-packages\django\contrib\contenttypes\models.py first seen with mtime 1725236909.0899262
File C:\Python312\Lib\calendar.py first seen with mtime 1717692852.0
File C:\Python312\Lib\xml\__init__.py first seen with mtime 1717692852.0
File E:\python\django\News\.venv\Lib\site-packages\django\test\utils.py first seen with mtime 1725236917.989647
File C:\Python312\Lib\contextlib.py first seen with mtime 1717692852.0
File E:\python\django\News\.venv\Lib\site-packages\django\forms\models.py first seen with mtime 1725236917.4104533
File E:\python\django\News\.venv\Lib\site-packages\django\db\backends\__init__.py first seen with mtime 1725236917.0352747
File E:\python\django\News\.venv\Lib\site-packages\django\urls\base.py first seen with mtime 1725236917.989647
File E:\python\django\News\News\News\urls.py first seen with mtime 1725579304.897866
File E:\python\django\News\.venv\Lib\site-packages\django\contrib\contenttypes\fields.py first seen with mtime 1725236909.0899262
File C:\Python312\Lib\collections\abc.py first seen with mtime 1717692852.0
File E:\python\django\News\.venv\Lib\site-packages\django\db\models\enums.py first seen with mtime 1725236917.2401092
File E:\python\django\News\.venv\Lib\site-packages\django\template\loader_tags.py first seen with mtime 1725236917.7713928
File E:\python\django\News\.venv\Lib\site-packages\django\utils\module_loading.py first seen with mtime 1725236918.0365124
File E:\python\django\News\.venv\Lib\site-packages\django\utils\_os.py first seen with mtime 1725236918.0052688
File E:\python\django\News\.venv\Lib\site-packages\django\middleware\common.py first seen with mtime 1725236917.7546413
File E:\python\django\News\.venv\Lib\site-packages\django\utils\cache.py first seen with mtime 1725236918.0052688
File E:\python\django\News\.venv\Lib\site-packages\django\db\backends\ddl_references.py first seen with mtime 1725236917.0352747
File E:\python\django\News\.venv\Lib\site-packages\django\core\cache\utils.py first seen with mtime 1725236916.910271
File C:\Python312\Lib\lzma.py first seen with mtime 1717692852.0
File C:\Python312\Lib\email\mime\text.py first seen with mtime 1717692852.0
File E:\python\django\News\.venv\Lib\site-packages\bootstrap5\text.py first seen with mtime 1725236953.235813
File E:\python\django\News\.venv\Lib\site-packages\django\utils\itercompat.py first seen with mtime 1725236918.0365124
File E:\python\django\News\.venv\Lib\site-packages\django\contrib\sessions\backends\base.py first seen with mtime 1725236914.7942402
File E:\python\django\News\.venv\Lib\site-packages\django\contrib\contenttypes\forms.py first seen with mtime 1725236909.0899262
File C:\Python312\Lib\pickle.py first seen with mtime 1717692852.0
File C:\Python312\Lib\wsgiref\__init__.py first seen with mtime 1717692852.0
File C:\Python312\Lib\concurrent\futures\thread.py first seen with mtime 1717692852.0
File E:\python\django\News\.venv\Lib\site-packages\django\db\migrations\migration.py first seen with mtime 1725236917.2075777
File E:\python\django\News\.venv\Lib\site-packages\django\db\backends\base\__init__.py first seen with mtime 1725236917.0352747
File C:\Python312\Lib\asyncio\base_events.py first seen with mtime 1717692852.0
File E:\python\django\News\.venv\Lib\site-packages\django\forms\renderers.py first seen with mtime 1725236917.4104533
File E:\python\django\News\.venv\Lib\site-packages\django\core\checks\__init__.py first seen with mtime 1725236916.9259002
File C:\Python312\Lib\bz2.py first seen with mtime 1717692852.0
File C:\Python312\Lib\argparse.py first seen with mtime 1717692852.0
File E:\python\django\News\.venv\Lib\site-packages\django\core\files\storage\__init__.py first seen with mtime 1725236916.957152
File E:\python\django\News\.venv\Lib\site-packages\django\contrib\admin\filters.py first seen with mtime 1725236900.5856645
File E:\python\django\News\.venv\Lib\site-packages\django\utils\numberformat.py first seen with mtime 1725236918.0365124
File E:\python\django\News\.venv\Lib\site-packages\django\contrib\sessions\__init__.py first seen with mtime 1725236914.7942402
File E:\python\django\News\.venv\Lib\site-packages\django\utils\log.py first seen with mtime 1725236918.0365124
File E:\python\django\News\.venv\Lib\site-packages\django\test\client.py first seen with mtime 1725236917.9740157
File E:\python\django\News\.venv\Lib\site-packages\django\__init__.py first seen with mtime 1725236899.8490024
File E:\python\django\News\.venv\Lib\site-packages\django\db\models\sql\where.py first seen with mtime 1725236917.3948307
File E:\python\django\News\.venv\Lib\site-packages\django\templatetags\l10n.py first seen with mtime 1725236917.9740157
File E:\python\django\News\.venv\Lib\site-packages\django\templatetags\static.py first seen with mtime 1725236917.9740157
File E:\python\django\News\.venv\Lib\site-packages\django\db\backends\base\features.py first seen with mtime 1725236917.0508993
File E:\python\django\News\.venv\src\django-debug-toolbar\debug_toolbar\_stubs.py first seen with mtime 1725577675.0835266
File E:\python\django\News\.venv\Lib\site-packages\django\contrib\auth\password_validation.py first seen with mtime 1725236907.9620774
File E:\python\django\News\.venv\Lib\site-packages\django\middleware\__init__.py first seen with mtime 1725236917.7390168
File C:\Python312\Lib\multiprocessing\process.py first seen with mtime 1717692852.0
File C:\Python312\Lib\asyncio\trsock.py first seen with mtime 1717692852.0
File E:\python\django\News\.venv\Lib\site-packages\bootstrap5\exceptions.py first seen with mtime 1725236953.235813
File E:\python\django\News\.venv\Lib\site-packages\django\db\models\sql\subqueries.py first seen with mtime 1725236917.3948307
File E:\python\django\News\.venv\src\django-debug-toolbar\debug_toolbar\panels\history\views.py first seen with mtime 1725577675.1626127
File E:\python\django\News\.venv\Lib\site-packages\django\views\generic\list.py first seen with mtime 1725236918.1146414
File C:\Python312\Lib\xml\dom\NodeFilter.py first seen with mtime 1717692852.0
File C:\Python312\Lib\zoneinfo\_common.py first seen with mtime 1717692852.0
File E:\python\django\News\.venv\Lib\site-packages\django\contrib\admin\templatetags\base.py first seen with mtime 1725236902.9670959
File C:\Python312\Lib\decimal.py first seen with mtime 1717692852.0
File E:\python\django\News\.venv\Lib\site-packages\django\contrib\auth\middleware.py first seen with mtime 1725236907.9464543
File C:\Python312\Lib\base64.py first seen with mtime 1717692852.0
File C:\Python312\Lib\xml\dom\minidom.py first seen with mtime 1717692852.0
File E:\python\django\News\.venv\Lib\site-packages\django\contrib\staticfiles\views.py first seen with mtime 1725236916.678035
File E:\python\django\News\.venv\Lib\site-packages\django\db\models\query.py first seen with mtime 1725236917.2584298
File C:\Python312\Lib\asyncio\selector_events.py first seen with mtime 1717692852.0
File E:\python\django\News\.venv\Lib\site-packages\django\core\checks\model_checks.py first seen with mtime 1725236916.9259002
File C:\Python312\Lib\asyncio\coroutines.py first seen with mtime 1717692852.0
File E:\python\django\News\.venv\Lib\site-packages\django\db\models\fields\json.py first seen with mtime 1725236917.3318887
File C:\Python312\Lib\importlib\resources\_common.py first seen with mtime 1717692852.0
File E:\python\django\News\.venv\Lib\site-packages\asgiref\local.py first seen with mtime 1725061963.3003006
File E:\python\django\News\.venv\Lib\site-packages\django\core\checks\database.py first seen with mtime 1725236916.9259002
File E:\python\django\News\.venv\Lib\site-packages\django\core\validators.py first seen with mtime 1725236916.910271
File E:\python\django\News\.venv\src\django-debug-toolbar\debug_toolbar\panels\cache.py first seen with mtime 1725577675.1469824
File E:\python\django\News\.venv\Lib\site-packages\django\template\loaders\cached.py first seen with mtime 1725236917.9740157
File E:\python\django\News\.venv\Lib\site-packages\django\db\models\signals.py first seen with mtime 1725236917.2614298
File E:\python\django\News\.venv\Lib\site-packages\django\db\backends\sqlite3\schema.py first seen with mtime 1725236917.191958
File E:\python\django\News\.venv\Lib\site-packages\django\core\checks\translation.py first seen with mtime 1725236916.9259002
File C:\Python312\Lib\email\_policybase.py first seen with mtime 1717692852.0
File E:\python\django\News\.venv\Lib\site-packages\django\middleware\cache.py first seen with mtime 1725236917.7546413
File E:\python\django\News\.venv\Lib\site-packages\django\contrib\sessions\middleware.py first seen with mtime 1725236914.7942402
File E:\python\django\News\.venv\Lib\site-packages\django\contrib\admin\models.py first seen with mtime 1725236900.5856645
File E:\python\django\News\.venv\Lib\site-packages\django\core\checks\templates.py first seen with mtime 1725236916.9259002
File C:\Python312\Lib\email\_encoded_words.py first seen with mtime 1717692852.0
File C:\Python312\Lib\urllib\error.py first seen with mtime 1717692852.0
File C:\Python312\Lib\pprint.py first seen with mtime 1717692852.0
File C:\Python312\Lib\email\header.py first seen with mtime 1717692852.0
File C:\Python312\Lib\asyncio\protocols.py first seen with mtime 1717692852.0
File E:\python\django\News\.venv\Lib\site-packages\django\core\checks\files.py first seen with mtime 1725236916.9259002
File E:\python\django\News\.venv\src\django-debug-toolbar\debug_toolbar\panels\history\forms.py first seen with mtime 1725577675.1626127
File C:\Python312\Lib\email\mime\nonmultipart.py first seen with mtime 1717692852.0
File C:\Python312\Lib\asyncio\subprocess.py first seen with mtime 1717692852.0
File E:\python\django\News\.venv\Lib\site-packages\django\db\migrations\exceptions.py first seen with mtime 1725236917.191958
File C:\Python312\Lib\email\utils.py first seen with mtime 1717692852.0
File E:\python\django\News\.venv\Lib\site-packages\django\core\files\storage\filesystem.py first seen with mtime 1725236916.9727707
File E:\python\django\News\.venv\Lib\site-packages\django\db\models\constraints.py first seen with mtime 1725236917.2401092
File C:\Python312\Lib\_weakrefset.py first seen with mtime 1717692852.0
File C:\Python312\Lib\encodings\__init__.py first seen with mtime 1717692852.0
File E:\python\django\News\.venv\src\django-debug-toolbar\debug_toolbar\templatetags\__init__.py first seen with mtime 1725577675.3974326
File E:\python\django\News\News\NewsApp\models.py first seen with mtime 1725200920.9408393
File E:\python\django\News\.venv\Lib\site-packages\django\db\backends\sqlite3\__init__.py first seen with mtime 1725236917.1763327
File E:\python\django\News\.venv\Lib\site-packages\django\utils\deconstruct.py first seen with mtime 1725236918.0208914
File E:\python\django\News\.venv\Lib\site-packages\django\template\defaulttags.py first seen with mtime 1725236917.7713928
File C:\Python312\Lib\threading.py first seen with mtime 1717692852.0
File E:\python\django\News\.venv\Lib\site-packages\django\utils\dateparse.py first seen with mtime 1725236918.0208914
File E:\python\django\News\.venv\Lib\site-packages\django\views\generic\detail.py first seen with mtime 1725236918.1146414
File C:\Python312\Lib\subprocess.py first seen with mtime 1717692852.0
File E:\python\django\News\.venv\Lib\site-packages\django\views\debug.py first seen with mtime 1725236918.06777
File E:\python\django\News\.venv\Lib\site-packages\django\db\models\indexes.py first seen with mtime 1725236917.2524116
File E:\python\django\News\.venv\Lib\site-packages\django\utils\timezone.py first seen with mtime 1725236918.0521455
File E:\python\django\News\.venv\Lib\site-packages\bootstrap5\models.py first seen with mtime 1725236953.235813
File E:\python\django\News\.venv\Lib\site-packages\django\contrib\contenttypes\management\__init__.py first seen with mtime 1725236909.497843
File C:\Python312\Lib\email\encoders.py first seen with mtime 1717692852.0
File E:\python\django\News\.venv\Lib\site-packages\django\db\migrations\state.py first seen with mtime 1725236917.2232034
File C:\Python312\Lib\email\parser.py first seen with mtime 1717692852.0
File C:\Python312\Lib\keyword.py first seen with mtime 1717692852.0
File E:\python\django\News\.venv\Lib\site-packages\django\db\models\deletion.py first seen with mtime 1725236917.2401092
File E:\python\django\News\.venv\Lib\site-packages\django\template\loader.py first seen with mtime 1725236917.7713928
File C:\Python312\Lib\asyncio\__init__.py first seen with mtime 1717692852.0
File E:\python\django\News\.venv\Lib\site-packages\django\http\cookie.py first seen with mtime 1725236917.7390168
File E:\python\django\News\.venv\Lib\site-packages\django\contrib\messages\middleware.py first seen with mtime 1725236913.553375
File C:\Python312\Lib\email\base64mime.py first seen with mtime 1717692852.0
File E:\python\django\News\.venv\Lib\site-packages\django\db\migrations\operations\fields.py first seen with mtime 1725236917.2232034
File E:\python\django\News\.venv\Lib\site-packages\django\utils\dateformat.py first seen with mtime 1725236918.0052688
File E:\python\django\News\.venv\Lib\site-packages\django\template\defaultfilters.py first seen with mtime 1725236917.7713928
File E:\python\django\News\.venv\Lib\site-packages\django\db\utils.py first seen with mtime 1725236917.0352747
File E:\python\django\News\.venv\Lib\site-packages\django\db\models\fields\related_lookups.py first seen with mtime 1725236917.3318887
File E:\python\django\News\.venv\Lib\site-packages\sqlparse\filters\tokens.py first seen with mtime 1725061962.2846203
File C:\Python312\Lib\hashlib.py first seen with mtime 1717692852.0
File C:\Python312\Lib\ssl.py first seen with mtime 1717692852.0
File E:\python\django\News\.venv\Lib\site-packages\sqlparse\cli.py first seen with mtime 1725061962.2690134
File E:\python\django\News\.venv\Lib\site-packages\django\core\paginator.py first seen with mtime 1725236916.8946774
File E:\python\django\News\.venv\Lib\site-packages\django\contrib\auth\base_user.py first seen with mtime 1725236907.9308255
File E:\python\django\News\.venv\Lib\site-packages\django\views\i18n.py first seen with mtime 1725236918.0990174
File E:\python\django\News\.venv\Lib\site-packages\django\utils\duration.py first seen with mtime 1725236918.0208914
File C:\Python312\Lib\re\_constants.py first seen with mtime 1717692852.0
File E:\python\django\News\.venv\Lib\site-packages\django\utils\crypto.py first seen with mtime 1725236918.0052688
File E:\python\django\News\.venv\Lib\site-packages\django\db\models\fields\__init__.py first seen with mtime 1725236917.3318887
File E:\python\django\News\.venv\src\django-debug-toolbar\debug_toolbar\forms.py first seen with mtime 1725577675.0835266
File E:\python\django\News\.venv\src\django-debug-toolbar\debug_toolbar\toolbar.py first seen with mtime 1725577675.3974326
File E:\python\django\News\.venv\src\django-debug-toolbar\debug_toolbar\panels\sql\panel.py first seen with mtime 1725577675.2880616
File E:\python\django\News\.venv\Lib\site-packages\django\contrib\admin\templatetags\admin_urls.py first seen with mtime 1725236902.9670959
File C:\Python312\DLLs\_zoneinfo.pyd first seen with mtime 1717692902.0
File E:\python\django\News\.venv\Lib\site-packages\django\contrib\messages\utils.py first seen with mtime 1725236913.5579484
File C:\Python312\Lib\importlib\resources\__init__.py first seen with mtime 1717692852.0
File E:\python\django\News\.venv\Lib\site-packages\sqlparse\filters\right_margin.py first seen with mtime 1725061962.2846203
File E:\python\django\News\.venv\Lib\site-packages\sqlparse\formatter.py first seen with mtime 1725061962.2690134
File E:\python\django\News\.venv\Lib\site-packages\django\db\models\functions\window.py first seen with mtime 1725236917.3475165
File E:\python\django\News\.venv\Lib\site-packages\django\utils\translation\reloader.py first seen with mtime 1725236918.06777
File C:\Python312\Lib\platform.py first seen with mtime 1717692852.0
File E:\python\django\News\.venv\Lib\site-packages\django\contrib\sessions\apps.py first seen with mtime 1725236914.7942402
File E:\python\django\News\.venv\Lib\site-packages\django\core\cache\backends\base.py first seen with mtime 1725236916.910271
File C:\Python312\Lib\pkgutil.py first seen with mtime 1717692852.0
File E:\python\django\News\.venv\Lib\site-packages\django\core\servers\basehttp.py first seen with mtime 1725236917.0352747
File C:\Python312\Lib\xml\dom\__init__.py first seen with mtime 1717692852.0
File E:\python\django\News\.venv\Lib\site-packages\django\core\management\commands\runserver.py first seen with mtime 1725236917.0040264
File E:\python\django\News\.venv\Lib\site-packages\sqlparse\engine\filter_stack.py first seen with mtime 1725061962.2690134
File E:\python\django\News\.venv\Lib\site-packages\sqlparse\filters\output.py first seen with mtime 1725061962.2846203
File E:\python\django\News\.venv\Lib\site-packages\django\db\backends\base\introspection.py first seen with mtime 1725236917.0508993
File E:\python\django\News\News\NewsApp\apps.py first seen with mtime 1725062683.979196
File E:\python\django\News\.venv\Lib\site-packages\django\db\backends\sqlite3\creation.py first seen with mtime 1725236917.191958
File E:\python\django\News\.venv\Lib\site-packages\django\views\static.py first seen with mtime 1725236918.0990174
File E:\python\django\News\.venv\Lib\site-packages\django\contrib\auth\models.py first seen with mtime 1725236907.9464543
File E:\python\django\News\.venv\Lib\site-packages\django\contrib\staticfiles\management\commands\runserver.py first seen with mtime 1725236916.7848327
File E:\python\django\News\.venv\Lib\site-packages\django\db\migrations\operations\special.py first seen with mtime 1725236917.239747
File C:\Python312\DLLs\_sqlite3.pyd first seen with mtime 1717692902.0
File C:\Python312\Lib\getpass.py first seen with mtime 1717692852.0
File E:\python\django\News\.venv\Lib\site-packages\django\contrib\admin\actions.py first seen with mtime 1725236900.5700426
File E:\python\django\News\.venv\Lib\site-packages\django\db\models\fields\mixins.py first seen with mtime 1725236917.3318887
File E:\python\django\News\.venv\Lib\site-packages\sqlparse\filters\reindent.py first seen with mtime 1725061962.2846203
File E:\python\django\News\.venv\src\django-debug-toolbar\debug_toolbar\panels\signals.py first seen with mtime 1725577675.2567947
File C:\Python312\Lib\importlib\resources\_adapters.py first seen with mtime 1717692852.0
File E:\python\django\News\.venv\Lib\site-packages\django\core\cache\__init__.py first seen with mtime 1725236916.910271
File E:\python\django\News\.venv\Lib\site-packages\django\db\models\fields\related.py first seen with mtime 1725236917.3318887
File C:\Python312\Lib\importlib\_abc.py first seen with mtime 1717692852.0
File E:\python\django\News\.venv\Lib\site-packages\django\utils\html.py first seen with mtime 1725236918.0208914
File E:\python\django\News\.venv\Lib\site-packages\django\core\files\storage\base.py first seen with mtime 1725236916.9727707
File C:\Python312\Lib\multiprocessing\context.py first seen with mtime 1717692852.0
File E:\python\django\News\.venv\Lib\site-packages\django\core\wsgi.py first seen with mtime 1725236916.910271
File E:\python\django\News\.venv\Lib\site-packages\django\core\cache\backends\filebased.py first seen with mtime 1725236916.910271
File E:\python\django\News\.venv\src\django-debug-toolbar\debug_toolbar\__init__.py first seen with mtime 1725577675.0835266
File E:\python\django\News\.venv\Lib\site-packages\django\contrib\staticfiles\__init__.py first seen with mtime 1725236916.631157
File C:\Python312\Lib\encodings\aliases.py first seen with mtime 1717692852.0
File C:\Python312\Lib\difflib.py first seen with mtime 1717692852.0
File C:\Python312\Lib\socket.py first seen with mtime 1717692852.0
File E:\python\django\News\.venv\Lib\site-packages\django\core\files\move.py first seen with mtime 1725236916.9415207
File C:\Python312\Lib\asyncio\base_tasks.py first seen with mtime 1717692852.0
File C:\Python312\DLLs\unicodedata.pyd first seen with mtime 1717692902.0
File C:\Python312\Lib\re\_parser.py first seen with mtime 1717692852.0
File E:\python\django\News\.venv\Lib\site-packages\django\db\models\manager.py first seen with mtime 1725236917.255428
File E:\python\django\News\.venv\src\django-debug-toolbar\debug_toolbar\panels\redirects.py first seen with mtime 1725577675.1626127
File C:\Python312\Lib\ast.py first seen with mtime 1717692852.0
File C:\Python312\Lib\asyncio\base_futures.py first seen with mtime 1717692852.0
File E:\python\django\News\News\user_data\views.py first seen with mtime 1725576637.0346699
File C:\Python312\Lib\importlib\resources\_legacy.py first seen with mtime 1717692852.0
File C:\Python312\Lib\asyncio\sslproto.py first seen with mtime 1717692852.0
File C:\Python312\Lib\concurrent\__init__.py first seen with mtime 1717692852.0
File E:\python\django\News\.venv\Lib\site-packages\django\db\models\functions\comparison.py first seen with mtime 1725236917.3475165
File E:\python\django\News\.venv\Lib\site-packages\django\contrib\contenttypes\apps.py first seen with mtime 1725236909.0899262
File E:\python\django\News\.venv\Lib\site-packages\sqlparse\filters\others.py first seen with mtime 1725061962.2846203
File E:\python\django\News\.venv\Lib\site-packages\django\contrib\admin\views\autocomplete.py first seen with mtime 1725236902.9827163
File E:\python\django\News\.venv\Lib\site-packages\sqlparse\exceptions.py first seen with mtime 1725061962.2690134
File C:\Python312\Lib\sqlite3\dbapi2.py first seen with mtime 1717692852.0
File E:\python\django\News\.venv\Lib\site-packages\django\db\backends\base\client.py first seen with mtime 1725236917.0508993
File E:\python\django\News\.venv\Lib\site-packages\django\template\backends\__init__.py first seen with mtime 1725236917.8017027
File C:\Python312\Lib\urllib\__init__.py first seen with mtime 1717692852.0
File C:\Python312\Lib\selectors.py first seen with mtime 1717692852.0
File E:\python\django\News\.venv\Lib\site-packages\django\contrib\admin\views\__init__.py first seen with mtime 1725236902.9827163
File E:\python\django\News\.venv\Lib\site-packages\django\db\models\__init__.py first seen with mtime 1725236917.2401092
File C:\Python312\Lib\multiprocessing\__init__.py first seen with mtime 1717692852.0
File E:\python\django\News\.venv\src\django-debug-toolbar\debug_toolbar\panels\history\__init__.py first seen with mtime 1725577675.1626127
File E:\python\django\News\.venv\Lib\site-packages\django\core\checks\security\csrf.py first seen with mtime 1725236916.9415207
File C:\Python312\Lib\xml\dom\minicompat.py first seen with mtime 1717692852.0
File E:\python\django\News\.venv\Lib\site-packages\django\utils\functional.py first seen with mtime 1725236918.0208914
File E:\python\django\News\.venv\Lib\site-packages\django\template\library.py first seen with mtime 1725236917.7713928
File E:\python\django\News\.venv\Lib\site-packages\django\core\checks\security\__init__.py first seen with mtime 1725236916.9259002
File E:\python\django\News\.venv\Lib\site-packages\django\contrib\auth\signals.py first seen with mtime 1725236907.9620774
File C:\Python312\Lib\_compression.py first seen with mtime 1717692852.0
File C:\Python312\Lib\encodings\utf_8.py first seen with mtime 1717692852.0
File E:\python\django\News\.venv\Lib\site-packages\django\contrib\auth\management\__init__.py first seen with mtime 1725236909.0586765
File C:\Python312\Lib\unittest\main.py first seen with mtime 1717692852.0
File E:\python\django\News\.venv\Lib\site-packages\django\template\loaders\base.py first seen with mtime 1725236917.9740157
File E:\python\django\News\.venv\Lib\site-packages\django\db\models\fields\reverse_related.py first seen with mtime 1725236917.3318887
File E:\python\django\News\News\NewsApp\views.py first seen with mtime 1725577058.243058
File C:\Python312\Lib\dataclasses.py first seen with mtime 1717692852.0
File E:\python\django\News\.venv\Lib\site-packages\django\contrib\__init__.py first seen with mtime 1725236900.5700426
File E:\python\django\News\.venv\Lib\site-packages\django\utils\decorators.py first seen with mtime 1725236918.0208914
File C:\Python312\Lib\email\_parseaddr.py first seen with mtime 1717692852.0
File C:\Python312\Lib\locale.py first seen with mtime 1717692852.0
File E:\python\django\News\.venv\Lib\site-packages\django\db\models\lookups.py first seen with mtime 1725236917.254426
File E:\python\django\News\.venv\Lib\site-packages\django\db\models\fields\files.py first seen with mtime 1725236917.3318887
File E:\python\django\News\.venv\Lib\site-packages\django\db\backends\base\base.py first seen with mtime 1725236917.0508993
File E:\python\django\News\.venv\Lib\site-packages\django\template\backends\base.py first seen with mtime 1725236917.8017027
File E:\python\django\News\.venv\Lib\site-packages\django\forms\fields.py first seen with mtime 1725236917.3948307
File E:\python\django\News\.venv\Lib\site-packages\django\apps\registry.py first seen with mtime 1725236899.8531036
File E:\python\django\News\.venv\Lib\site-packages\django\urls\utils.py first seen with mtime 1725236918.0052688
File C:\Python312\Lib\re\_casefix.py first seen with mtime 1717692852.0
File E:\python\django\News\.venv\Lib\site-packages\django\core\checks\urls.py first seen with mtime 1725236916.9259002
File E:\python\django\News\.venv\Lib\site-packages\django\templatetags\__init__.py first seen with mtime 1725236917.9740157
File E:\python\django\News\.venv\Lib\site-packages\django\contrib\messages\api.py first seen with mtime 1725236913.5503752
File E:\python\django\News\.venv\Lib\site-packages\django\core\files\storage\memory.py first seen with mtime 1725236916.9727707
File C:\Python312\DLLs\_overlapped.pyd first seen with mtime 1717692902.0
File C:\Python312\Lib\signal.py first seen with mtime 1717692852.0
File C:\Python312\Lib\dis.py first seen with mtime 1717692852.0
File C:\Python312\Lib\asyncio\windows_utils.py first seen with mtime 1717692852.0
File E:\python\django\News\.venv\Lib\site-packages\django\middleware\csrf.py first seen with mtime 1725236917.7546413
File C:\Python312\Lib\collections\__init__.py first seen with mtime 1717692852.0
File E:\python\django\News\.venv\Lib\site-packages\django\contrib\admin\exceptions.py first seen with mtime 1725236900.5856645
File E:\python\django\News\.venv\Lib\site-packages\django\template\autoreload.py first seen with mtime 1725236917.7546413
File C:\Python312\Lib\enum.py first seen with mtime 1717692852.0
File E:\python\django\News\News\user_data\apps.py first seen with mtime 1725572787.6861
File C:\Python312\Lib\struct.py first seen with mtime 1717692852.0
File E:\python\django\News\.venv\Lib\site-packages\django\contrib\admin\options.py first seen with mtime 1725236900.5856645
File C:\Python312\Lib\xml\dom\domreg.py first seen with mtime 1717692852.0
File E:\python\django\News\.venv\Lib\site-packages\django\apps\__init__.py first seen with mtime 1725236899.8531036
File C:\Python312\Lib\wsgiref\util.py first seen with mtime 1717692852.0
File E:\python\django\News\.venv\Lib\site-packages\django\core\management\base.py first seen with mtime 1725236916.9884074
File E:\python\django\News\.venv\Lib\site-packages\django\template\exceptions.py first seen with mtime 1725236917.7713928
File E:\python\django\News\.venv\Lib\site-packages\django\utils\translation\__init__.py first seen with mtime 1725236918.0521455
File E:\python\django\News\.venv\Lib\site-packages\django\urls\resolvers.py first seen with mtime 1725236917.989647
File C:\Python312\Lib\mimetypes.py first seen with mtime 1717692852.0
File C:\Python312\Lib\random.py first seen with mtime 1717692852.0
File C:\Python312\Lib\asyncio\staggered.py first seen with mtime 1717692852.0
File E:\python\django\News\.venv\Lib\site-packages\django\db\backends\signals.py first seen with mtime 1725236917.0352747
File E:\python\django\News\.venv\Lib\site-packages\django\db\migrations\operations\models.py first seen with mtime 1725236917.2232034
File E:\python\django\News\.venv\Lib\site-packages\django\test\testcases.py first seen with mtime 1725236917.989647
File E:\python\django\News\.venv\Lib\site-packages\django\contrib\auth\tokens.py first seen with mtime 1725236907.9620774
File E:\python\django\News\.venv\Lib\site-packages\django\core\handlers\exception.py first seen with mtime 1725236916.9727707
File E:\python\django\News\.venv\Lib\site-packages\django\shortcuts.py first seen with mtime 1725236899.8520286
File E:\python\django\News\.venv\Lib\site-packages\bootstrap5\__init__.py first seen with mtime 1725236953.2344577
File E:\python\django\News\.venv\Lib\site-packages\django\core\files\uploadedfile.py first seen with mtime 1725236916.9415207
File C:\Python312\Lib\email\generator.py first seen with mtime 1717692852.0
File C:\Python312\Lib\email\mime\__init__.py first seen with mtime 1717692852.0
File E:\python\django\News\.venv\Lib\site-packages\django\forms\__init__.py first seen with mtime 1725236917.3948307
File E:\python\django\News\.venv\Lib\site-packages\django\views\generic\base.py first seen with mtime 1725236918.1146414
File E:\python\django\News\News\NewsApp\urls.py first seen with mtime 1725068353.6091764
File C:\Python312\Lib\http\client.py first seen with mtime 1717692852.0
File E:\python\django\News\.venv\Lib\site-packages\django\utils\translation\trans_real.py first seen with mtime 1725236918.06777
File C:\Python312\DLLs\_decimal.pyd first seen with mtime 1717692902.0
File E:\python\django\News\.venv\Lib\site-packages\django\db\models\base.py first seen with mtime 1725236917.2401092
File E:\python\django\News\.venv\Lib\site-packages\django\urls\conf.py first seen with mtime 1725236917.989647
File C:\Python312\Lib\zoneinfo\__init__.py first seen with mtime 1717692852.0
File E:\python\django\News\.venv\Lib\site-packages\django\contrib\contenttypes\views.py first seen with mtime 1725236909.0899262
File C:\Python312\Lib\uuid.py first seen with mtime 1717692852.0
File E:\python\django\News\.venv\Lib\site-packages\django\forms\forms.py first seen with mtime 1725236917.3948307
File C:\Python312\Lib\numbers.py first seen with mtime 1717692852.0
File E:\python\django\News\.venv\Lib\site-packages\django\contrib\auth\validators.py first seen with mtime 1725236907.9620774
File C:\Python312\Lib\asyncio\threads.py first seen with mtime 1717692852.0
File C:\Python312\Lib\logging\handlers.py first seen with mtime 1717692852.0
File E:\python\django\News\.venv\src\django-debug-toolbar\debug_toolbar\panels\versions.py first seen with mtime 1725577675.3505564
File E:\python\django\News\.venv\Lib\site-packages\asgiref\current_thread_executor.py first seen with mtime 1725061963.3003006
File E:\python\django\News\.venv\Lib\site-packages\django\test\html.py first seen with mtime 1725236917.989647
File C:\Python312\Lib\asyncio\queues.py first seen with mtime 1717692852.0
File E:\python\django\News\.venv\Lib\site-packages\django\utils\encoding.py first seen with mtime 1725236918.0208914
File E:\python\django\News\.venv\Lib\site-packages\django\db\models\constants.py first seen with mtime 1725236917.2401092
File E:\python\django\News\.venv\Lib\site-packages\django\template\engine.py first seen with mtime 1725236917.7713928
File E:\python\django\News\.venv\Lib\site-packages\django\core\checks\security\base.py first seen with mtime 1725236916.9415207
File E:\python\django\News\.venv\Lib\site-packages\django\db\backends\sqlite3\features.py first seen with mtime 1725236917.191958
File C:\Python312\Lib\email\quoprimime.py first seen with mtime 1717692852.0
File C:\Python312\Lib\http\__init__.py first seen with mtime 1717692852.0
File E:\python\django\News\.venv\Lib\site-packages\django\views\decorators\common.py first seen with mtime 1725236918.0990174
File E:\python\django\News\.venv\Lib\site-packages\django\core\management\sql.py first seen with mtime 1725236916.9884074
File C:\Python312\Lib\tempfile.py first seen with mtime 1717692852.0
File E:\python\django\News\.venv\Lib\site-packages\django\core\files\images.py first seen with mtime 1725236916.9415207
File C:\Python312\Lib\inspect.py first seen with mtime 1717692852.0
File E:\python\django\News\.venv\Lib\site-packages\sqlparse\filters\__init__.py first seen with mtime 1725061962.2846203
File E:\python\django\News\.venv\Lib\site-packages\sqlparse\engine\grouping.py first seen with mtime 1725061962.2846203
File E:\python\django\News\.venv\Lib\site-packages\django\db\models\options.py first seen with mtime 1725236917.2564301
File E:\python\django\News\.venv\Lib\site-packages\django\utils\timesince.py first seen with mtime 1725236918.0521455
File E:\python\django\News\.venv\Lib\site-packages\django\views\defaults.py first seen with mtime 1725236918.06777
File C:\Python312\Lib\ctypes\wintypes.py first seen with mtime 1717692852.0
File C:\Python312\Lib\sqlite3\__init__.py first seen with mtime 1717692852.0
File E:\python\django\News\.venv\Lib\site-packages\django\core\exceptions.py first seen with mtime 1725236916.8946774
File E:\python\django\News\.venv\Lib\site-packages\django\core\files\locks.py first seen with mtime 1725236916.9415207
File E:\python\django\News\.venv\src\django-debug-toolbar\debug_toolbar\views.py first seen with mtime 1725577675.3974326
File C:\Python312\Lib\urllib\response.py first seen with mtime 1717692852.0
File E:\python\django\News\.venv\Lib\site-packages\django\contrib\admin\utils.py first seen with mtime 1725236900.6012993
File E:\python\django\News\.venv\Lib\site-packages\django\templatetags\cache.py first seen with mtime 1725236917.9740157
File C:\Python312\Lib\re\_compiler.py first seen with mtime 1717692852.0
File E:\python\django\News\.venv\Lib\site-packages\django\template\response.py first seen with mtime 1725236917.7713928
File E:\python\django\News\.venv\Lib\site-packages\django\contrib\contenttypes\__init__.py first seen with mtime 1725236909.0899262
File E:\python\django\News\.venv\Lib\site-packages\django\db\models\functions\mixins.py first seen with mtime 1725236917.3475165
File E:\python\django\News\.venv\Lib\site-packages\sqlparse\filters\aligned_indent.py first seen with mtime 1725061962.2846203
File E:\python\django\News\.venv\Lib\site-packages\django\core\files\temp.py first seen with mtime 1725236916.9415207
File C:\Python312\Lib\re\__init__.py first seen with mtime 1717692852.0
File C:\Python312\Lib\unittest\loader.py first seen with mtime 1717692852.0
File E:\python\django\News\.venv\Lib\site-packages\django\template\base.py first seen with mtime 1725236917.7546413
File E:\python\django\News\.venv\Lib\site-packages\django\utils\regex_helper.py first seen with mtime 1725236918.0521455
File C:\Python312\DLLs\_socket.pyd first seen with mtime 1717692902.0
File C:\Python312\Lib\json\encoder.py first seen with mtime 1717692852.0
File E:\python\django\News\.venv\Lib\site-packages\django\db\models\sql\__init__.py first seen with mtime 1725236917.3475165
File C:\Python312\Lib\encodings\cp1252.py first seen with mtime 1717692852.0
File E:\python\django\News\.venv\Lib\site-packages\django\utils\lorem_ipsum.py first seen with mtime 1725236918.0365124
File C:\Python312\Lib\asyncio\locks.py first seen with mtime 1717692852.0
File E:\python\django\News\.venv\Lib\site-packages\django\db\backends\sqlite3\base.py first seen with mtime 1725236917.1763327
File C:\Python312\Lib\email\errors.py first seen with mtime 1717692852.0
File C:\Python312\Lib\typing.py first seen with mtime 1717692852.0
File C:\Python312\Lib\email\headerregistry.py first seen with mtime 1717692852.0
File C:\Python312\Lib\asyncio\exceptions.py first seen with mtime 1717692852.0
File E:\python\django\News\.venv\Lib\site-packages\django\core\servers\__init__.py first seen with mtime 1725236917.0352747
File E:\python\django\News\.venv\Lib\site-packages\django\utils\safestring.py first seen with mtime 1725236918.0521455
File C:\Python312\Lib\asyncio\mixins.py first seen with mtime 1717692852.0
File E:\python\django\News\.venv\Lib\site-packages\django\dispatch\dispatcher.py first seen with mtime 1725236917.3948307
File E:\python\django\News\.venv\Lib\site-packages\django\utils\__init__.py first seen with mtime 1725236918.0052688
File E:\python\django\News\.venv\Lib\site-packages\bootstrap5\bootstrap.py first seen with mtime 1725236953.235455
File C:\Python312\Lib\types.py first seen with mtime 1717692852.0
File E:\python\django\News\.venv\Lib\site-packages\django\contrib\staticfiles\apps.py first seen with mtime 1725236916.631157
File E:\python\django\News\.venv\Lib\site-packages\django\core\checks\compatibility\django_4_0.py first seen with mtime 1725236916.9259002
File C:\Python312\Lib\importlib\metadata\_text.py first seen with mtime 1717692852.0
File E:\python\django\News\.venv\Lib\site-packages\django\utils\asyncio.py first seen with mtime 1725236918.0052688
File E:\python\django\News\.venv\Lib\site-packages\django\core\mail\__init__.py first seen with mtime 1725236916.9727707
File C:\Python312\Lib\importlib\metadata\_itertools.py first seen with mtime 1717692852.0
File C:\Python312\Lib\asyncio\constants.py first seen with mtime 1717692852.0
File C:\Python312\Lib\urllib\request.py first seen with mtime 1717692852.0
File E:\python\django\News\.venv\Lib\site-packages\django\db\models\functions\__init__.py first seen with mtime 1725236917.3475165
File C:\Python312\Lib\zipfile\_path\glob.py first seen with mtime 1717692852.0
File E:\python\django\News\.venv\Lib\site-packages\django\core\serializers\python.py first seen with mtime 1725236917.0352747
File E:\python\django\News\.venv\Lib\site-packages\django\core\mail\message.py first seen with mtime 1725236916.9727707
File C:\Python312\Lib\copyreg.py first seen with mtime 1717692852.0
File E:\python\django\News\.venv\Lib\site-packages\django\db\models\expressions.py first seen with mtime 1725236917.2401092
File E:\python\django\News\.venv\Lib\site-packages\django\middleware\gzip.py first seen with mtime 1725236917.7546413
File C:\Python312\Lib\token.py first seen with mtime 1717692852.0
File E:\python\django\News\.venv\Lib\site-packages\django\contrib\staticfiles\finders.py first seen with mtime 1725236916.6624186
File C:\Python312\Lib\asyncio\runners.py first seen with mtime 1717692852.0
File E:\python\django\News\.venv\src\django-debug-toolbar\debug_toolbar\panels\sql\views.py first seen with mtime 1725577675.2880616
File E:\python\django\News\.venv\Lib\site-packages\django\db\models\query_utils.py first seen with mtime 1725236917.2594304
File C:\Python312\Lib\asyncio\base_subprocess.py first seen with mtime 1717692852.0
File C:\Python312\Lib\concurrent\futures\_base.py first seen with mtime 1717692852.0
File E:\python\django\News\.venv\Lib\site-packages\django\contrib\contenttypes\checks.py first seen with mtime 1725236909.0899262
File C:\Python312\Lib\csv.py first seen with mtime 1717692852.0
File C:\Python312\Lib\importlib\metadata\_meta.py first seen with mtime 1717692852.0
File E:\python\django\News\.venv\Lib\site-packages\django\views\generic\edit.py first seen with mtime 1725236918.1146414
File C:\Python312\Lib\asyncio\transports.py first seen with mtime 1717692852.0
File E:\python\django\News\.venv\src\django-debug-toolbar\debug_toolbar\settings.py first seen with mtime 1725577675.3505564
File E:\python\django\News\.venv\src\django-debug-toolbar\debug_toolbar\panels\staticfiles.py first seen with mtime 1725577675.3349326
File E:\python\django\News\.venv\Lib\site-packages\bootstrap5\utils.py first seen with mtime 1725236953.251448
File E:\python\django\News\.venv\Lib\site-packages\django\contrib\staticfiles\checks.py first seen with mtime 1725236916.631157
File E:\python\django\News\.venv\Lib\site-packages\django\conf\__init__.py first seen with mtime 1725236899.8531036
File E:\python\django\News\.venv\Lib\site-packages\django\test\signals.py first seen with mtime 1725236917.989647
File E:\python\django\News\.venv\Lib\site-packages\django\db\models\fields\proxy.py first seen with mtime 1725236917.3318887
File E:\python\django\News\.venv\Lib\site-packages\django\db\__init__.py first seen with mtime 1725236917.0352747
File E:\python\django\News\.venv\Lib\site-packages\django\conf\global_settings.py first seen with mtime 1725236899.8531036
File E:\python\django\News\News\NewsApp\templatetags\__init__.py first seen with mtime 1725377636.4014306
File E:\python\django\News\.venv\Lib\site-packages\django\utils\formats.py first seen with mtime 1725236918.0208914
File C:\Python312\Lib\email\mime\base.py first seen with mtime 1717692852.0
File C:\Python312\Lib\asyncio\timeouts.py first seen with mtime 1717692852.0
File E:\python\django\News\News\News\settings.py first seen with mtime 1725612081.2759428
File E:\python\django\News\.venv\Lib\site-packages\django\template\smartif.py first seen with mtime 1725236917.8017027
File E:\python\django\News\.venv\Lib\site-packages\django\contrib\auth\__init__.py first seen with mtime 1725236907.9308255
File E:\python\django\News\.venv\Lib\site-packages\django\db\migrations\operations\__init__.py first seen with mtime 1725236917.2232034
File C:\Python312\Lib\contextvars.py first seen with mtime 1717692852.0
File E:\python\django\News\.venv\Lib\site-packages\django\db\backends\sqlite3\_functions.py first seen with mtime 1725236917.1763327
File E:\python\django\News\.venv\Lib\site-packages\django\views\__init__.py first seen with mtime 1725236918.06777
File E:\python\django\News\.venv\Lib\site-packages\django\core\handlers\wsgi.py first seen with mtime 1725236916.9727707
File E:\python\django\News\.venv\Lib\site-packages\django\core\cache\backends\__init__.py first seen with mtime 1725236916.910271
File E:\python\django\News\News\NewsApp\admin.py first seen with mtime 1725064347.2349942
File C:\Python312\Lib\asyncio\events.py first seen with mtime 1717692852.0
File E:\python\django\News\.venv\Lib\site-packages\django\core\files\utils.py first seen with mtime 1725236916.957152
File E:\python\django\News\.venv\Lib\site-packages\django\contrib\admin\decorators.py first seen with mtime 1725236900.5700426
File E:\python\django\News\.venv\Lib\site-packages\django\utils\dates.py first seen with mtime 1725236918.0208914
File E:\python\django\News\.venv\Lib\site-packages\django\conf\urls\__init__.py first seen with mtime 1725236900.5700426
File E:\python\django\News\.venv\src\django-debug-toolbar\debug_toolbar\panels\profiling.py first seen with mtime 1725577675.1626127
File E:\python\django\News\.venv\Lib\site-packages\django\contrib\admin\views\main.py first seen with mtime 1725236902.9827163
File E:\python\django\News\.venv\Lib\site-packages\django\core\checks\compatibility\__init__.py first seen with mtime 1725236916.9259002
File C:\Python312\Lib\ctypes\__init__.py first seen with mtime 1717692852.0
File E:\python\django\News\.venv\Lib\site-packages\django\core\checks\security\sessions.py first seen with mtime 1725236916.9415207
File C:\Python312\Lib\hmac.py first seen with mtime 1717692852.0
File E:\python\django\News\.venv\Lib\site-packages\django\views\decorators\__init__.py first seen with mtime 1725236918.0990174
File C:\Python312\Lib\ipaddress.py first seen with mtime 1717692852.0
File E:\python\django\News\.venv\Lib\site-packages\django\middleware\security.py first seen with mtime 1725236917.7546413
File C:\Python312\Lib\encodings\utf_8_sig.py first seen with mtime 1717692852.0
File C:\Python312\Lib\zipfile\__init__.py first seen with mtime 1717692852.0
File E:\python\django\News\.venv\Lib\site-packages\django\contrib\auth\hashers.py first seen with mtime 1725236907.9464543
File E:\python\django\News\.venv\Lib\site-packages\django\template\__init__.py first seen with mtime 1725236917.7546413
File E:\python\django\News\.venv\Lib\site-packages\django\http\__init__.py first seen with mtime 1725236917.7390168
File E:\python\django\News\.venv\Lib\site-packages\django\core\files\__init__.py first seen with mtime 1725236916.9415207
File C:\Python312\Lib\tokenize.py first seen with mtime 1717692852.0
File C:\Python312\Lib\email\mime\multipart.py first seen with mtime 1717692852.0
File C:\Python312\Lib\pstats.py first seen with mtime 1717692852.0
File E:\python\django\News\.venv\Lib\site-packages\django\contrib\auth\decorators.py first seen with mtime 1725236907.9464543
File E:\python\django\News\.venv\Lib\site-packages\django\core\checks\registry.py first seen with mtime 1725236916.9259002
File C:\Python312\Lib\colorsys.py first seen with mtime 1717692852.0
File E:\python\django\News\.venv\Lib\site-packages\django\contrib\sites\requests.py first seen with mtime 1725236915.9237168
File E:\python\django\News\.venv\src\django-debug-toolbar\debug_toolbar\panels\settings.py first seen with mtime 1725577675.1626127
File E:\python\django\News\.venv\Lib\site-packages\sqlparse\engine\statement_splitter.py first seen with mtime 1725061962.2846203
File C:\Python312\Lib\opcode.py first seen with mtime 1717692852.0
File C:\Python312\Lib\glob.py first seen with mtime 1717692852.0
File E:\python\django\News\.venv\src\django-debug-toolbar\debug_toolbar\utils.py first seen with mtime 1725577675.3974326
File E:\python\django\News\.venv\Lib\site-packages\django\http\response.py first seen with mtime 1725236917.7390168
File E:\python\django\News\.venv\src\django-debug-toolbar\debug_toolbar\panels\timer.py first seen with mtime 1725577675.3505564
File C:\Python312\Lib\functools.py first seen with mtime 1717692852.0
File E:\python\django\News\.venv\Lib\site-packages\django\core\management\__init__.py first seen with mtime 1725236916.9884074
File E:\python\django\News\.venv\Lib\site-packages\django\db\backends\base\creation.py first seen with mtime 1725236917.0508993
File E:\python\django\News\.venv\src\django-debug-toolbar\debug_toolbar\decorators.py first seen with mtime 1725577675.0835266
File E:\python\django\News\.venv\Lib\site-packages\django\forms\formsets.py first seen with mtime 1725236917.4104533
File C:\Python312\Lib\socketserver.py first seen with mtime 1717692852.0
File E:\python\django\News\.venv\Lib\site-packages\bootstrap5\components.py first seen with mtime 1725236953.235813
File C:\Python312\Lib\email\policy.py first seen with mtime 1717692852.0
File E:\python\django\News\.venv\src\django-debug-toolbar\debug_toolbar\panels\sql\utils.py first seen with mtime 1725577675.2880616
File C:\Python312\Lib\reprlib.py first seen with mtime 1717692852.0
File E:\python\django\News\.venv\Lib\site-packages\django\db\migrations\utils.py first seen with mtime 1725236917.2232034
File E:\python\django\News\.venv\src\django-debug-toolbar\debug_toolbar\panels\alerts.py first seen with mtime 1725577675.1469824
File E:\python\django\News\.venv\src\django-debug-toolbar\debug_toolbar\panels\templates\panel.py first seen with mtime 1725577675.3505564
File E:\python\django\News\.venv\Lib\site-packages\django\core\files\storage\handler.py first seen with mtime 1725236916.9727707
File E:\python\django\News\.venv\Lib\site-packages\django\contrib\auth\apps.py first seen with mtime 1725236907.9308255
File E:\python\django\News\.venv\Lib\site-packages\django\db\migrations\operations\base.py first seen with mtime 1725236917.2232034
File E:\python\django\News\.venv\Lib\site-packages\sqlparse\keywords.py first seen with mtime 1725061962.2690134
File E:\python\django\News\.venv\Lib\site-packages\sqlparse\lexer.py first seen with mtime 1725061962.2690134
File E:\python\django\News\.venv\src\django-debug-toolbar\debug_toolbar\panels\sql\forms.py first seen with mtime 1725577675.2567947
File E:\python\django\News\.venv\Lib\site-packages\django\views\decorators\debug.py first seen with mtime 1725236918.0990174
File C:\Python312\Lib\wsgiref\simple_server.py first seen with mtime 1717692852.0
File C:\Python312\Lib\json\decoder.py first seen with mtime 1717692852.0
File C:\Python312\Lib\importlib\__init__.py first seen with mtime 1717692852.0
File E:\python\django\News\.venv\Lib\site-packages\django\template\backends\django.py first seen with mtime 1725236917.9584377
File E:\python\django\News\.venv\Lib\site-packages\django\contrib\auth\backends.py first seen with mtime 1725236907.9308255
File E:\python\django\News\.venv\Lib\site-packages\django\contrib\admin\helpers.py first seen with mtime 1725236900.5856645
File C:\Python312\Lib\weakref.py first seen with mtime 1717692852.0
(0.000) 
            SELECT name, type FROM sqlite_master
            WHERE type in ('table', 'view') AND NOT name='sqlite_sequence'
            ORDER BY name; args=None; alias=default
File E:\python\django\News\.venv\Lib\site-packages\django\core\files\base.py first seen with mtime 1725236916.9415207
File C:\Python312\Lib\importlib\metadata\_functools.py first seen with mtime 1717692852.0
File C:\Python312\Lib\pathlib.py first seen with mtime 1717692852.0
File E:\python\django\News\.venv\Lib\site-packages\django\conf\locale\__init__.py first seen with mtime 1725236899.884354
File E:\python\django\News\.venv\Lib\site-packages\django\db\transaction.py first seen with mtime 1725236917.0352747
File E:\python\django\News\.venv\Lib\site-packages\sqlparse\sql.py first seen with mtime 1725061962.2690134
File C:\Python312\Lib\quopri.py first seen with mtime 1717692852.0
File C:\Python312\Lib\asyncio\proactor_events.py first seen with mtime 1717692852.0
File C:\Python312\Lib\importlib\metadata\_adapters.py first seen with mtime 1717692852.0
File E:\python\django\News\News\News\__init__.py first seen with mtime 1725062256.2442727
File E:\python\django\News\.venv\Lib\site-packages\django\core\files\storage\mixins.py first seen with mtime 1725236916.9727707
File C:\Python312\DLLs\_hashlib.pyd first seen with mtime 1717692902.0
File C:\Python312\Lib\unittest\runner.py first seen with mtime 1717692852.0
File E:\python\django\News\.venv\Lib\site-packages\django\template\loaders\app_directories.py first seen with mtime 1725236917.9740157
File C:\Python312\Lib\importlib\metadata\_collections.py first seen with mtime 1717692852.0
File C:\Python312\Lib\unittest\suite.py first seen with mtime 1717692852.0
File E:\python\django\News\.venv\Lib\site-packages\django\templatetags\i18n.py first seen with mtime 1725236917.9740157
File C:\Python312\Lib\asyncio\taskgroups.py first seen with mtime 1717692852.0
File E:\python\django\News\.venv\src\django-debug-toolbar\debug_toolbar\urls.py first seen with mtime 1725577675.3974326
File E:\python\django\News\.venv\Lib\site-packages\django\contrib\staticfiles\management\commands\__init__.py first seen with mtime 1725236916.7848327
File E:\python\django\News\.venv\Lib\site-packages\django\http\multipartparser.py first seen with mtime 1725236917.7390168
File E:\python\django\News\.venv\Lib\site-packages\django\http\request.py first seen with mtime 1725236917.7390168
File E:\python\django\News\.venv\Lib\site-packages\django\contrib\admin\templatetags\log.py first seen with mtime 1725236902.9670959
File C:\Python312\Lib\textwrap.py first seen with mtime 1717692852.0
File E:\python\django\News\.venv\Lib\site-packages\django\templatetags\tz.py first seen with mtime 1725236917.9740157
File E:\python\django\News\.venv\Lib\site-packages\sqlparse\tokens.py first seen with mtime 1725061962.2690134
File E:\python\django\News\.venv\Lib\site-packages\django\utils\deprecation.py first seen with mtime 1725236918.0208914
File E:\python\django\News\.venv\Lib\site-packages\django\db\backends\base\validation.py first seen with mtime 1725236917.0821447
File E:\python\django\News\.venv\Lib\site-packages\django\utils\inspect.py first seen with mtime 1725236918.0365124
File C:\Python312\Lib\html\entities.py first seen with mtime 1717692852.0
File C:\Python312\Lib\http\server.py first seen with mtime 1717692852.0
File E:\python\django\News\.venv\Lib\site-packages\django\contrib\auth\admin.py first seen with mtime 1725236907.9308255
File E:\python\django\News\.venv\Lib\site-packages\django\core\management\commands\__init__.py first seen with mtime 1725236916.9884074
File E:\python\django\News\.venv\Lib\site-packages\django\views\decorators\csrf.py first seen with mtime 1725236918.0990174
File E:\python\django\News\.venv\Lib\site-packages\django\views\decorators\cache.py first seen with mtime 1725236918.0990174
File E:\python\django\News\News\NewsApp\templates\base.html first seen with mtime 1725576754.823388
File E:\python\django\News\News\NewsApp\templates\NewsApp first seen with mtime 1725202385.461601
File E:\python\django\News\News\NewsApp\templates\NewsApp\create.html first seen with mtime 1725239050.9110034
File E:\python\django\News\News\NewsApp\templates\NewsApp\delete.html first seen with mtime 1725238388.9225023
File E:\python\django\News\News\NewsApp\templates\NewsApp\detail.html first seen with mtime 1725379452.069654
File E:\python\django\News\News\NewsApp\templates\NewsApp\list.html first seen with mtime 1725378835.334221
File E:\python\django\News\News\NewsApp\templates\NewsApp\update.html first seen with mtime 1725237806.0006433
File E:\python\django\News\.venv\src\django-debug-toolbar\debug_toolbar\templates\debug_toolbar first seen with mtime 1725577675.366172
File E:\python\django\News\.venv\src\django-debug-toolbar\debug_toolbar\templates\debug_toolbar\base.html first seen with mtime 1725577675.3505564
File E:\python\django\News\.venv\src\django-debug-toolbar\debug_toolbar\templates\debug_toolbar\includes first seen with mtime 1725577675.366172
File E:\python\django\News\.venv\src\django-debug-toolbar\debug_toolbar\templates\debug_toolbar\panels first seen with mtime 1725577675.366172
File E:\python\django\News\.venv\src\django-debug-toolbar\debug_toolbar\templates\debug_toolbar\redirect.html first seen with mtime 1725577675.366172
File E:\python\django\News\.venv\src\django-debug-toolbar\debug_toolbar\templates\debug_toolbar\includes\panel_button.html first seen with mtime 1725577675.366172
File E:\python\django\News\.venv\src\django-debug-toolbar\debug_toolbar\templates\debug_toolbar\includes\panel_content.html first seen with mtime 1725577675.366172
File E:\python\django\News\.venv\src\django-debug-toolbar\debug_toolbar\templates\debug_toolbar\includes\theme_selector.html first seen with mtime 1725577675.366172
(0.000) SELECT "django_migrations"."id", "django_migrations"."app", "django_migrations"."name", "django_migrations"."applied" FROM "django_migrations"; args=(); alias=default
File E:\python\django\News\.venv\src\django-debug-toolbar\debug_toolbar\templates\debug_toolbar\panels\alerts.html first seen with mtime 1725577675.366172
File E:\python\django\News\.venv\src\django-debug-toolbar\debug_toolbar\templates\debug_toolbar\panels\cache.html first seen with mtime 1725577675.366172
File E:\python\django\News\.venv\src\django-debug-toolbar\debug_toolbar\templates\debug_toolbar\panels\headers.html first seen with mtime 1725577675.366172
File E:\python\django\News\.venv\src\django-debug-toolbar\debug_toolbar\templates\debug_toolbar\panels\history.html first seen with mtime 1725577675.366172
File E:\python\django\News\.venv\src\django-debug-toolbar\debug_toolbar\templates\debug_toolbar\panels\history_tr.html first seen with mtime 1725577675.366172
File E:\python\django\News\.venv\src\django-debug-toolbar\debug_toolbar\templates\debug_toolbar\panels\profiling.html first seen with mtime 1725577675.366172
File E:\python\django\News\.venv\src\django-debug-toolbar\debug_toolbar\templates\debug_toolbar\panels\request.html first seen with mtime 1725577675.366172
File E:\python\django\News\.venv\src\django-debug-toolbar\debug_toolbar\templates\debug_toolbar\panels\request_variables.html first seen with mtime 1725577675.366172
File E:\python\django\News\.venv\src\django-debug-toolbar\debug_toolbar\templates\debug_toolbar\panels\settings.html first seen with mtime 1725577675.366172
File E:\python\django\News\.venv\src\django-debug-toolbar\debug_toolbar\templates\debug_toolbar\panels\signals.html first seen with mtime 1725577675.366172
File E:\python\django\News\.venv\src\django-debug-toolbar\debug_toolbar\templates\debug_toolbar\panels\sql.html first seen with mtime 1725577675.366172
File E:\python\django\News\.venv\src\django-debug-toolbar\debug_toolbar\templates\debug_toolbar\panels\sql_explain.html first seen with mtime 1725577675.366172
File E:\python\django\News\.venv\src\django-debug-toolbar\debug_toolbar\templates\debug_toolbar\panels\sql_profile.html first seen with mtime 1725577675.366172
File E:\python\django\News\.venv\src\django-debug-toolbar\debug_toolbar\templates\debug_toolbar\panels\sql_select.html first seen with mtime 1725577675.366172
File E:\python\django\News\.venv\src\django-debug-toolbar\debug_toolbar\templates\debug_toolbar\panels\staticfiles.html first seen with mtime 1725577675.366172
File E:\python\django\News\.venv\src\django-debug-toolbar\debug_toolbar\templates\debug_toolbar\panels\templates.html first seen with mtime 1725577675.366172
File E:\python\django\News\.venv\src\django-debug-toolbar\debug_toolbar\templates\debug_toolbar\panels\template_source.html first seen with mtime 1725577675.366172
File E:\python\django\News\.venv\src\django-debug-toolbar\debug_toolbar\templates\debug_toolbar\panels\timer.html first seen with mtime 1725577675.366172
File E:\python\django\News\.venv\src\django-debug-toolbar\debug_toolbar\templates\debug_toolbar\panels\versions.html first seen with mtime 1725577675.366172
File E:\python\django\News\News\user_data\templates\user_data first seen with mtime 1725572919.9609716
File E:\python\django\News\News\user_data\templates\user_data\login.html first seen with mtime 1725575382.7988653
File E:\python\django\News\News\user_data\templates\user_data\register.html first seen with mtime 1725575396.137426
File E:\python\django\News\.venv\Lib\site-packages\bootstrap5\templates\bootstrap5 first seen with mtime 1725236953.235813
File E:\python\django\News\.venv\Lib\site-packages\bootstrap5\templates\bootstrap5\bootstrap5.html first seen with mtime 1725236953.235813
File E:\python\django\News\.venv\Lib\site-packages\bootstrap5\templates\bootstrap5\field_errors.html first seen with mtime 1725236953.235813
File E:\python\django\News\.venv\Lib\site-packages\bootstrap5\templates\bootstrap5\field_help_text.html first seen with mtime 1725236953.235813
File E:\python\django\News\.venv\Lib\site-packages\bootstrap5\templates\bootstrap5\form_errors.html first seen with mtime 1725236953.235813
File E:\python\django\News\.venv\Lib\site-packages\bootstrap5\templates\bootstrap5\messages.html first seen with mtime 1725236953.235813
File E:\python\django\News\.venv\Lib\site-packages\bootstrap5\templates\bootstrap5\pagination.html first seen with mtime 1725236953.235813
File E:\python\django\News\.venv\Lib\site-packages\bootstrap5\templates\bootstrap5\widgets first seen with mtime 1725236953.235813
File E:\python\django\News\.venv\Lib\site-packages\bootstrap5\templates\bootstrap5\widgets\radio_select_button_group.html first seen with mtime 1725236953.235813
File E:\python\django\News\.venv\src\django-debug-toolbar\debug_toolbar\locale\bg\LC_MESSAGES\django.mo first seen with mtime 1725577675.0835266
File E:\python\django\News\.venv\src\django-debug-toolbar\debug_toolbar\locale\ca\LC_MESSAGES\django.mo first seen with mtime 1725577675.09915
File E:\python\django\News\.venv\src\django-debug-toolbar\debug_toolbar\locale\cs\LC_MESSAGES\django.mo first seen with mtime 1725577675.09915
File E:\python\django\News\.venv\src\django-debug-toolbar\debug_toolbar\locale\de\LC_MESSAGES\django.mo first seen with mtime 1725577675.09915
File E:\python\django\News\.venv\src\django-debug-toolbar\debug_toolbar\locale\en\LC_MESSAGES\django.mo first seen with mtime 1725577675.09915
File E:\python\django\News\.venv\src\django-debug-toolbar\debug_toolbar\locale\es\LC_MESSAGES\django.mo first seen with mtime 1725577675.09915
File E:\python\django\News\.venv\src\django-debug-toolbar\debug_toolbar\locale\fa\LC_MESSAGES\django.mo first seen with mtime 1725577675.09915
File E:\python\django\News\.venv\src\django-debug-toolbar\debug_toolbar\locale\fi\LC_MESSAGES\django.mo first seen with mtime 1725577675.1152344
File E:\python\django\News\.venv\src\django-debug-toolbar\debug_toolbar\locale\fr\LC_MESSAGES\django.mo first seen with mtime 1725577675.1193218
File E:\python\django\News\.venv\src\django-debug-toolbar\debug_toolbar\locale\he\LC_MESSAGES\django.mo first seen with mtime 1725577675.1193218
File E:\python\django\News\.venv\src\django-debug-toolbar\debug_toolbar\locale\id\LC_MESSAGES\django.mo first seen with mtime 1725577675.1193218
File E:\python\django\News\.venv\src\django-debug-toolbar\debug_toolbar\locale\it\LC_MESSAGES\django.mo first seen with mtime 1725577675.1193218
File E:\python\django\News\.venv\src\django-debug-toolbar\debug_toolbar\locale\ja\LC_MESSAGES\django.mo first seen with mtime 1725577675.1193218
File E:\python\django\News\.venv\src\django-debug-toolbar\debug_toolbar\locale\ko\LC_MESSAGES\django.mo first seen with mtime 1725577675.131335
File E:\python\django\News\.venv\src\django-debug-toolbar\debug_toolbar\locale\nl\LC_MESSAGES\django.mo first seen with mtime 1725577675.131335
File E:\python\django\News\.venv\src\django-debug-toolbar\debug_toolbar\locale\pl\LC_MESSAGES\django.mo first seen with mtime 1725577675.131335
File E:\python\django\News\.venv\src\django-debug-toolbar\debug_toolbar\locale\pt\LC_MESSAGES\django.mo first seen with mtime 1725577675.131335
File E:\python\django\News\.venv\src\django-debug-toolbar\debug_toolbar\locale\pt_BR\LC_MESSAGES\django.mo first seen with mtime 1725577675.131335
File E:\python\django\News\.venv\src\django-debug-toolbar\debug_toolbar\locale\ru\LC_MESSAGES\django.mo first seen with mtime 1725577675.131335
File E:\python\django\News\.venv\src\django-debug-toolbar\debug_toolbar\locale\sk\LC_MESSAGES\django.mo first seen with mtime 1725577675.131335
File E:\python\django\News\.venv\src\django-debug-toolbar\debug_toolbar\locale\sv_SE\LC_MESSAGES\django.mo first seen with mtime 1725577675.1469824
File E:\python\django\News\.venv\src\django-debug-toolbar\debug_toolbar\locale\uk\LC_MESSAGES\django.mo first seen with mtime 1725577675.1469824
File E:\python\django\News\.venv\src\django-debug-toolbar\debug_toolbar\locale\zh_CN\LC_MESSAGES\django.mo first seen with mtime 1725577675.1469824
File E:\python\django\News\.venv\Lib\site-packages\django\contrib\contenttypes\migrations\0002_remove_content_type_name.py first seen with mtime 1725236909.5915897
File E:\python\django\News\.venv\Lib\site-packages\django\contrib\auth\migrations\0007_alter_validators_add_error_messages.py first seen with mtime 1725236909.0742981
File E:\python\django\News\.venv\Lib\site-packages\django\contrib\sessions\migrations\__init__.py first seen with mtime 1725236915.9080875
File E:\python\django\News\News\NewsApp\migrations\0002_alter_post_author.py first seen with mtime 1725067541.3458793
File E:\python\django\News\.venv\Lib\site-packages\django\db\migrations\executor.py first seen with mtime 1725236917.191958
File C:\Python312\Lib\encodings\idna.py first seen with mtime 1717692852.0
File E:\python\django\News\.venv\Lib\site-packages\django\db\models\sql\compiler.py first seen with mtime 1725236917.3610418
File E:\python\django\News\News\News\wsgi.py first seen with mtime 1725062256.2442727
File E:\python\django\News\.venv\Lib\site-packages\django\contrib\auth\migrations\0009_alter_user_last_name_max_length.py first seen with mtime 1725236909.0742981
File E:\python\django\News\.venv\Lib\site-packages\django\middleware\clickjacking.py first seen with mtime 1725236917.7546413
File E:\python\django\News\.venv\Lib\site-packages\django\contrib\auth\migrations\0004_alter_user_username_opts.py first seen with mtime 1725236909.0586765
File E:\python\django\News\.venv\Lib\site-packages\django\contrib\auth\migrations\0001_initial.py first seen with mtime 1725236909.0586765
File E:\python\django\News\.venv\Lib\site-packages\django\contrib\auth\migrations\0006_require_contenttypes_0002.py first seen with mtime 1725236909.0742981
File E:\python\django\News\.venv\src\django-debug-toolbar\debug_toolbar\middleware.py first seen with mtime 1725577675.1469824
File E:\python\django\News\.venv\Lib\site-packages\django\contrib\contenttypes\migrations\__init__.py first seen with mtime 1725236909.5915897
File E:\python\django\News\.venv\Lib\site-packages\django\contrib\admin\migrations\__init__.py first seen with mtime 1725236902.1036503
File E:\python\django\News\.venv\Lib\site-packages\django\contrib\auth\migrations\0012_alter_user_first_name_max_length.py first seen with mtime 1725236909.0899262
File E:\python\django\News\.venv\Lib\site-packages\django\contrib\auth\migrations\0003_alter_user_email_max_length.py first seen with mtime 1725236909.0586765
File E:\python\django\News\.venv\Lib\site-packages\django\contrib\sessions\migrations\0001_initial.py first seen with mtime 1725236915.9080875
File E:\python\django\News\.venv\Lib\site-packages\django\contrib\admin\migrations\0001_initial.py first seen with mtime 1725236902.1036503
File E:\python\django\News\.venv\Lib\site-packages\django\views\csrf.py first seen with mtime 1725236918.06777
File E:\python\django\News\.venv\Lib\site-packages\django\contrib\admin\migrations\0002_logentry_remove_auto_add.py first seen with mtime 1725236902.1036503
File E:\python\django\News\.venv\Lib\site-packages\django\db\migrations\graph.py first seen with mtime 1725236917.2075777
File E:\python\django\News\.venv\Lib\site-packages\django\core\cache\backends\locmem.py first seen with mtime 1725236916.910271
File E:\python\django\News\.venv\Lib\site-packages\django\contrib\auth\migrations\0002_alter_permission_name_max_length.py first seen with mtime 1725236909.0586765
File E:\python\django\News\.venv\Lib\site-packages\django\contrib\auth\migrations\__init__.py first seen with mtime 1725236909.0899262
File E:\python\django\News\.venv\Lib\site-packages\django\db\migrations\recorder.py first seen with mtime 1725236917.2232034
File E:\python\django\News\.venv\Lib\site-packages\django\contrib\sessions\backends\db.py first seen with mtime 1725236914.7942402
File E:\python\django\News\.venv\Lib\site-packages\django\contrib\contenttypes\migrations\0001_initial.py first seen with mtime 1725236909.5759652
File E:\python\django\News\.venv\Lib\site-packages\django\contrib\auth\migrations\0010_alter_group_name_max_length.py first seen with mtime 1725236909.0742981
File E:\python\django\News\.venv\Lib\site-packages\django\contrib\auth\migrations\0011_update_proxy_permissions.py first seen with mtime 1725236909.0742981
File C:\Python312\Lib\stringprep.py first seen with mtime 1717692852.0
File E:\python\django\News\.venv\Lib\site-packages\django\contrib\auth\migrations\0008_alter_user_username_max_length.py first seen with mtime 1725236909.0742981
File E:\python\django\News\.venv\Lib\site-packages\django\contrib\admin\migrations\0003_logentry_add_action_flag_choices.py first seen with mtime 1725236902.1036503
File E:\python\django\News\News\user_data\migrations\__init__.py first seen with mtime 1725572787.7017376
File E:\python\django\News\.venv\Lib\site-packages\django\db\migrations\loader.py first seen with mtime 1725236917.2075777
File E:\python\django\News\.venv\Lib\site-packages\django\contrib\auth\migrations\0005_alter_user_last_login_null.py first seen with mtime 1725236909.0742981
File E:\python\django\News\News\NewsApp\migrations\__init__.py first seen with mtime 1725062684.0260353
File E:\python\django\News\News\NewsApp\migrations\0003_remove_post_updated_at_alter_post_created_at.py first seen with mtime 1725200970.317061
File E:\python\django\News\News\NewsApp\migrations\0001_initial.py first seen with mtime 1725063093.8703892
(0.000) SELECT COUNT(*) AS "__count" FROM "NewsApp_post"; args=(); alias=default
(0.000) SELECT "django_session"."session_key", "django_session"."session_data", "django_session"."expire_date" FROM "django_session" WHERE ("django_session"."expire_date" > '2024-09-06 08:41:47.814740' AND "django_session"."session_key" = 'a5ymitqrnv9buxo5bjheksyj7rg8m7wr') LIMIT 21; args=('2024-09-06 08:41:47.814740', 'a5ymitqrnv9buxo5bjheksyj7rg8m7wr'); alias=default
(0.000) SELECT "auth_user"."id", "auth_user"."password", "auth_user"."last_login", "auth_user"."is_superuser", "auth_user"."username", "auth_user"."first_name", "auth_user"."last_name", "auth_user"."email", "auth_user"."is_staff", "auth_user"."is_active", "auth_user"."date_joined" FROM "auth_user" WHERE "auth_user"."id" = 1 LIMIT 21; args=(1,); alias=default
(0.000) SELECT "NewsApp_post"."id", "NewsApp_post"."title", "NewsApp_post"."content", "NewsApp_post"."status", "NewsApp_post"."created_at", "NewsApp_post"."author" FROM "NewsApp_post" LIMIT 5; args=(); alias=default
Exception while resolving variable 'csp_nonce' in template 'debug_toolbar/base.html'.
Traceback (most recent call last):
  File "E:\python\django\News\.venv\Lib\site-packages\django\template\base.py", line 880, in _resolve_lookup
    current = current[bit]
              ~~~~~~~^^^^^
TypeError: 'WSGIRequest' object is not subscriptable

During handling of the above exception, another exception occurred:

Traceback (most recent call last):
  File "E:\python\django\News\.venv\Lib\site-packages\django\template\base.py", line 890, in _resolve_lookup
    current = getattr(current, bit)
              ^^^^^^^^^^^^^^^^^^^^^
AttributeError: 'WSGIRequest' object has no attribute 'csp_nonce'

During handling of the above exception, another exception occurred:

Traceback (most recent call last):
  File "E:\python\django\News\.venv\Lib\site-packages\django\template\base.py", line 896, in _resolve_lookup
    current = current[int(bit)]
                      ^^^^^^^^
ValueError: invalid literal for int() with base 10: 'csp_nonce'

During handling of the above exception, another exception occurred:

Traceback (most recent call last):
  File "E:\python\django\News\.venv\Lib\site-packages\django\template\base.py", line 903, in _resolve_lookup
    raise VariableDoesNotExist(
django.template.base.VariableDoesNotExist: Failed lookup for key [csp_nonce] in <WSGIRequest: GET '/'>
Exception while resolving variable 'csp_nonce' in template 'debug_toolbar/base.html'.
Traceback (most recent call last):
  File "E:\python\django\News\.venv\Lib\site-packages\django\template\base.py", line 880, in _resolve_lookup
    current = current[bit]
              ~~~~~~~^^^^^
TypeError: 'WSGIRequest' object is not subscriptable

During handling of the above exception, another exception occurred:

Traceback (most recent call last):
  File "E:\python\django\News\.venv\Lib\site-packages\django\template\base.py", line 890, in _resolve_lookup
    current = getattr(current, bit)
              ^^^^^^^^^^^^^^^^^^^^^
AttributeError: 'WSGIRequest' object has no attribute 'csp_nonce'

During handling of the above exception, another exception occurred:

Traceback (most recent call last):
  File "E:\python\django\News\.venv\Lib\site-packages\django\template\base.py", line 896, in _resolve_lookup
    current = current[int(bit)]
                      ^^^^^^^^
ValueError: invalid literal for int() with base 10: 'csp_nonce'

During handling of the above exception, another exception occurred:

Traceback (most recent call last):
  File "E:\python\django\News\.venv\Lib\site-packages\django\template\base.py", line 903, in _resolve_lookup
    raise VariableDoesNotExist(
django.template.base.VariableDoesNotExist: Failed lookup for key [csp_nonce] in <WSGIRequest: GET '/'>
Exception while resolving variable 'csp_nonce' in template 'debug_toolbar/base.html'.
Traceback (most recent call last):
  File "E:\python\django\News\.venv\Lib\site-packages\django\template\base.py", line 880, in _resolve_lookup
    current = current[bit]
              ~~~~~~~^^^^^
TypeError: 'WSGIRequest' object is not subscriptable

During handling of the above exception, another exception occurred:

Traceback (most recent call last):
  File "E:\python\django\News\.venv\Lib\site-packages\django\template\base.py", line 890, in _resolve_lookup
    current = getattr(current, bit)
              ^^^^^^^^^^^^^^^^^^^^^
AttributeError: 'WSGIRequest' object has no attribute 'csp_nonce'

During handling of the above exception, another exception occurred:

Traceback (most recent call last):
  File "E:\python\django\News\.venv\Lib\site-packages\django\template\base.py", line 896, in _resolve_lookup
    current = current[int(bit)]
                      ^^^^^^^^
ValueError: invalid literal for int() with base 10: 'csp_nonce'

During handling of the above exception, another exception occurred:

Traceback (most recent call last):
  File "E:\python\django\News\.venv\Lib\site-packages\django\template\base.py", line 903, in _resolve_lookup
    raise VariableDoesNotExist(
django.template.base.VariableDoesNotExist: Failed lookup for key [csp_nonce] in <WSGIRequest: GET '/'>
"GET / HTTP/1.1" 200 18855
File E:\python\django\News\.venv\Lib\site-packages\django\contrib\sessions\serializers.py first seen with mtime 1725236914.7942402
File E:\python\django\News\.venv\Lib\site-packages\django\contrib\messages\storage\fallback.py first seen with mtime 1725236913.573475
File E:\python\django\News\.venv\Lib\site-packages\django\contrib\messages\context_processors.py first seen with mtime 1725236913.553375
File E:\python\django\News\.venv\Lib\site-packages\django\contrib\auth\context_processors.py first seen with mtime 1725236907.9464543
File E:\python\django\News\.venv\Lib\site-packages\django\contrib\messages\storage\cookie.py first seen with mtime 1725236913.573475
File E:\python\django\News\.venv\Lib\site-packages\django\template\context_processors.py first seen with mtime 1725236917.7546413
File E:\python\django\News\.venv\Lib\site-packages\django\contrib\messages\storage\session.py first seen with mtime 1725236913.5891247
"GET /static/css/style.css HTTP/1.1" 304 0
"GET /static/debug_toolbar/css/toolbar.css HTTP/1.1" 304 0
"GET /static/debug_toolbar/js/toolbar.js HTTP/1.1" 304 0
"GET /static/debug_toolbar/css/print.css HTTP/1.1" 304 0
"GET /static/debug_toolbar/js/utils.js HTTP/1.1" 304 0
Exception while resolving variable 'name' in template 'unknown'.
Traceback (most recent call last):
  File "E:\python\django\News\.venv\Lib\site-packages\django\core\handlers\exception.py", line 55, in inner
    response = get_response(request)
               ^^^^^^^^^^^^^^^^^^^^^
  File "E:\python\django\News\.venv\Lib\site-packages\django\core\handlers\base.py", line 181, in _get_response
    callback, callback_args, callback_kwargs = self.resolve_request(request)
                                               ^^^^^^^^^^^^^^^^^^^^^^^^^^^^^
  File "E:\python\django\News\.venv\Lib\site-packages\django\core\handlers\base.py", line 313, in resolve_request
    resolver_match = resolver.resolve(request.path_info)
                     ^^^^^^^^^^^^^^^^^^^^^^^^^^^^^^^^^^^
  File "E:\python\django\News\.venv\Lib\site-packages\django\urls\resolvers.py", line 702, in resolve
    raise Resolver404({"tried": tried, "path": new_path})
django.urls.exceptions.Resolver404: {'tried': [[<URLResolver <URLPattern list> (admin:admin) 'admin/'>], [<URLResolver <module 'NewsApp.urls' from 'E:\\python\\django\\News\\News\\NewsApp\\urls.py'> (None:None) ''>, <URLPattern '' [name='list']>], [<URLResolver <module 'NewsApp.urls' from 'E:\\python\\django\\News\\News\\NewsApp\\urls.py'> (None:None) ''>, <URLPattern 'create/' [name='create']>], [<URLResolver <module 'NewsApp.urls' from 'E:\\python\\django\\News\\News\\NewsApp\\urls.py'> (None:None) ''>, <URLPattern 'detail/<int:id>/' [name='detail']>], [<URLResolver <module 'NewsApp.urls' from 'E:\\python\\django\\News\\News\\NewsApp\\urls.py'> (None:None) ''>, <URLPattern 'update/<int:id>/' [name='update']>], [<URLResolver <module 'NewsApp.urls' from 'E:\\python\\django\\News\\News\\NewsApp\\urls.py'> (None:None) ''>, <URLPattern 'delete/<int:id>/' [name='delete']>], [<URLResolver <module 'user_data.urls' from 'E:\\python\\django\\News\\News\\user_data\\urls.py'> (auth:auth) 'auth/'>], [<URLResolver <module 'debug_toolbar.urls' from 'E:\\python\\django\\News\\.venv\\src\\django-debug-toolbar\\debug_toolbar\\urls.py'> (djdt:djdt) '^__debug__/'>]], 'path': 'favicon.ico'}

During handling of the above exception, another exception occurred:

Traceback (most recent call last):
  File "E:\python\django\News\.venv\Lib\site-packages\django\template\base.py", line 880, in _resolve_lookup
    current = current[bit]
              ~~~~~~~^^^^^
TypeError: 'URLResolver' object is not subscriptable

During handling of the above exception, another exception occurred:

Traceback (most recent call last):
  File "E:\python\django\News\.venv\Lib\site-packages\django\template\base.py", line 890, in _resolve_lookup
    current = getattr(current, bit)
              ^^^^^^^^^^^^^^^^^^^^^
AttributeError: 'URLResolver' object has no attribute 'name'

During handling of the above exception, another exception occurred:

Traceback (most recent call last):
  File "E:\python\django\News\.venv\Lib\site-packages\django\template\base.py", line 896, in _resolve_lookup
    current = current[int(bit)]
                      ^^^^^^^^
ValueError: invalid literal for int() with base 10: 'name'

During handling of the above exception, another exception occurred:

Traceback (most recent call last):
  File "E:\python\django\News\.venv\Lib\site-packages\django\template\base.py", line 903, in _resolve_lookup
    raise VariableDoesNotExist(
django.template.base.VariableDoesNotExist: Failed lookup for key [name] in <URLResolver <URLPattern list> (admin:admin) 'admin/'>
Exception while resolving variable 'name' in template 'unknown'.
Traceback (most recent call last):
  File "E:\python\django\News\.venv\Lib\site-packages\django\core\handlers\exception.py", line 55, in inner
    response = get_response(request)
               ^^^^^^^^^^^^^^^^^^^^^
  File "E:\python\django\News\.venv\Lib\site-packages\django\core\handlers\base.py", line 181, in _get_response
    callback, callback_args, callback_kwargs = self.resolve_request(request)
                                               ^^^^^^^^^^^^^^^^^^^^^^^^^^^^^
  File "E:\python\django\News\.venv\Lib\site-packages\django\core\handlers\base.py", line 313, in resolve_request
    resolver_match = resolver.resolve(request.path_info)
                     ^^^^^^^^^^^^^^^^^^^^^^^^^^^^^^^^^^^
  File "E:\python\django\News\.venv\Lib\site-packages\django\urls\resolvers.py", line 702, in resolve
    raise Resolver404({"tried": tried, "path": new_path})
django.urls.exceptions.Resolver404: {'tried': [[<URLResolver <URLPattern list> (admin:admin) 'admin/'>], [<URLResolver <module 'NewsApp.urls' from 'E:\\python\\django\\News\\News\\NewsApp\\urls.py'> (None:None) ''>, <URLPattern '' [name='list']>], [<URLResolver <module 'NewsApp.urls' from 'E:\\python\\django\\News\\News\\NewsApp\\urls.py'> (None:None) ''>, <URLPattern 'create/' [name='create']>], [<URLResolver <module 'NewsApp.urls' from 'E:\\python\\django\\News\\News\\NewsApp\\urls.py'> (None:None) ''>, <URLPattern 'detail/<int:id>/' [name='detail']>], [<URLResolver <module 'NewsApp.urls' from 'E:\\python\\django\\News\\News\\NewsApp\\urls.py'> (None:None) ''>, <URLPattern 'update/<int:id>/' [name='update']>], [<URLResolver <module 'NewsApp.urls' from 'E:\\python\\django\\News\\News\\NewsApp\\urls.py'> (None:None) ''>, <URLPattern 'delete/<int:id>/' [name='delete']>], [<URLResolver <module 'user_data.urls' from 'E:\\python\\django\\News\\News\\user_data\\urls.py'> (auth:auth) 'auth/'>], [<URLResolver <module 'debug_toolbar.urls' from 'E:\\python\\django\\News\\.venv\\src\\django-debug-toolbar\\debug_toolbar\\urls.py'> (djdt:djdt) '^__debug__/'>]], 'path': 'favicon.ico'}

During handling of the above exception, another exception occurred:

Traceback (most recent call last):
  File "E:\python\django\News\.venv\Lib\site-packages\django\template\base.py", line 880, in _resolve_lookup
    current = current[bit]
              ~~~~~~~^^^^^
TypeError: 'URLResolver' object is not subscriptable

During handling of the above exception, another exception occurred:

Traceback (most recent call last):
  File "E:\python\django\News\.venv\Lib\site-packages\django\template\base.py", line 890, in _resolve_lookup
    current = getattr(current, bit)
              ^^^^^^^^^^^^^^^^^^^^^
AttributeError: 'URLResolver' object has no attribute 'name'

During handling of the above exception, another exception occurred:

Traceback (most recent call last):
  File "E:\python\django\News\.venv\Lib\site-packages\django\template\base.py", line 896, in _resolve_lookup
    current = current[int(bit)]
                      ^^^^^^^^
ValueError: invalid literal for int() with base 10: 'name'

During handling of the above exception, another exception occurred:

Traceback (most recent call last):
  File "E:\python\django\News\.venv\Lib\site-packages\django\template\base.py", line 903, in _resolve_lookup
    raise VariableDoesNotExist(
django.template.base.VariableDoesNotExist: Failed lookup for key [name] in <URLResolver <module 'user_data.urls' from 'E:\\python\\django\\News\\News\\user_data\\urls.py'> (auth:auth) 'auth/'>
Exception while resolving variable 'name' in template 'unknown'.
Traceback (most recent call last):
  File "E:\python\django\News\.venv\Lib\site-packages\django\core\handlers\exception.py", line 55, in inner
    response = get_response(request)
               ^^^^^^^^^^^^^^^^^^^^^
  File "E:\python\django\News\.venv\Lib\site-packages\django\core\handlers\base.py", line 181, in _get_response
    callback, callback_args, callback_kwargs = self.resolve_request(request)
                                               ^^^^^^^^^^^^^^^^^^^^^^^^^^^^^
  File "E:\python\django\News\.venv\Lib\site-packages\django\core\handlers\base.py", line 313, in resolve_request
    resolver_match = resolver.resolve(request.path_info)
                     ^^^^^^^^^^^^^^^^^^^^^^^^^^^^^^^^^^^
  File "E:\python\django\News\.venv\Lib\site-packages\django\urls\resolvers.py", line 702, in resolve
    raise Resolver404({"tried": tried, "path": new_path})
django.urls.exceptions.Resolver404: {'tried': [[<URLResolver <URLPattern list> (admin:admin) 'admin/'>], [<URLResolver <module 'NewsApp.urls' from 'E:\\python\\django\\News\\News\\NewsApp\\urls.py'> (None:None) ''>, <URLPattern '' [name='list']>], [<URLResolver <module 'NewsApp.urls' from 'E:\\python\\django\\News\\News\\NewsApp\\urls.py'> (None:None) ''>, <URLPattern 'create/' [name='create']>], [<URLResolver <module 'NewsApp.urls' from 'E:\\python\\django\\News\\News\\NewsApp\\urls.py'> (None:None) ''>, <URLPattern 'detail/<int:id>/' [name='detail']>], [<URLResolver <module 'NewsApp.urls' from 'E:\\python\\django\\News\\News\\NewsApp\\urls.py'> (None:None) ''>, <URLPattern 'update/<int:id>/' [name='update']>], [<URLResolver <module 'NewsApp.urls' from 'E:\\python\\django\\News\\News\\NewsApp\\urls.py'> (None:None) ''>, <URLPattern 'delete/<int:id>/' [name='delete']>], [<URLResolver <module 'user_data.urls' from 'E:\\python\\django\\News\\News\\user_data\\urls.py'> (auth:auth) 'auth/'>], [<URLResolver <module 'debug_toolbar.urls' from 'E:\\python\\django\\News\\.venv\\src\\django-debug-toolbar\\debug_toolbar\\urls.py'> (djdt:djdt) '^__debug__/'>]], 'path': 'favicon.ico'}

During handling of the above exception, another exception occurred:

Traceback (most recent call last):
  File "E:\python\django\News\.venv\Lib\site-packages\django\template\base.py", line 880, in _resolve_lookup
    current = current[bit]
              ~~~~~~~^^^^^
TypeError: 'URLResolver' object is not subscriptable

During handling of the above exception, another exception occurred:

Traceback (most recent call last):
  File "E:\python\django\News\.venv\Lib\site-packages\django\template\base.py", line 890, in _resolve_lookup
    current = getattr(current, bit)
              ^^^^^^^^^^^^^^^^^^^^^
AttributeError: 'URLResolver' object has no attribute 'name'

During handling of the above exception, another exception occurred:

Traceback (most recent call last):
  File "E:\python\django\News\.venv\Lib\site-packages\django\template\base.py", line 896, in _resolve_lookup
    current = current[int(bit)]
                      ^^^^^^^^
ValueError: invalid literal for int() with base 10: 'name'

During handling of the above exception, another exception occurred:

Traceback (most recent call last):
  File "E:\python\django\News\.venv\Lib\site-packages\django\template\base.py", line 903, in _resolve_lookup
    raise VariableDoesNotExist(
django.template.base.VariableDoesNotExist: Failed lookup for key [name] in <URLResolver <module 'debug_toolbar.urls' from 'E:\\python\\django\\News\\.venv\\src\\django-debug-toolbar\\debug_toolbar\\urls.py'> (djdt:djdt) '^__debug__/'>
(0.000) SELECT "django_session"."session_key", "django_session"."session_data", "django_session"."expire_date" FROM "django_session" WHERE ("django_session"."expire_date" > '2024-09-06 08:41:50.101989' AND "django_session"."session_key" = 'a5ymitqrnv9buxo5bjheksyj7rg8m7wr') LIMIT 21; args=('2024-09-06 08:41:50.101989', 'a5ymitqrnv9buxo5bjheksyj7rg8m7wr'); alias=default
Exception while resolving variable 'csp_nonce' in template 'debug_toolbar/base.html'.
Traceback (most recent call last):
  File "E:\python\django\News\.venv\Lib\site-packages\django\template\base.py", line 880, in _resolve_lookup
    current = current[bit]
              ~~~~~~~^^^^^
TypeError: 'WSGIRequest' object is not subscriptable

During handling of the above exception, another exception occurred:

Traceback (most recent call last):
  File "E:\python\django\News\.venv\Lib\site-packages\django\template\base.py", line 890, in _resolve_lookup
    current = getattr(current, bit)
              ^^^^^^^^^^^^^^^^^^^^^
AttributeError: 'WSGIRequest' object has no attribute 'csp_nonce'

During handling of the above exception, another exception occurred:

Traceback (most recent call last):
  File "E:\python\django\News\.venv\Lib\site-packages\django\template\base.py", line 896, in _resolve_lookup
    current = current[int(bit)]
                      ^^^^^^^^
ValueError: invalid literal for int() with base 10: 'csp_nonce'

During handling of the above exception, another exception occurred:

Traceback (most recent call last):
  File "E:\python\django\News\.venv\Lib\site-packages\django\template\base.py", line 903, in _resolve_lookup
    raise VariableDoesNotExist(
django.template.base.VariableDoesNotExist: Failed lookup for key [csp_nonce] in <WSGIRequest: GET '/favicon.ico'>
Exception while resolving variable 'csp_nonce' in template 'debug_toolbar/base.html'.
Traceback (most recent call last):
  File "E:\python\django\News\.venv\Lib\site-packages\django\template\base.py", line 880, in _resolve_lookup
    current = current[bit]
              ~~~~~~~^^^^^
TypeError: 'WSGIRequest' object is not subscriptable

During handling of the above exception, another exception occurred:

Traceback (most recent call last):
  File "E:\python\django\News\.venv\Lib\site-packages\django\template\base.py", line 890, in _resolve_lookup
    current = getattr(current, bit)
              ^^^^^^^^^^^^^^^^^^^^^
AttributeError: 'WSGIRequest' object has no attribute 'csp_nonce'

During handling of the above exception, another exception occurred:

Traceback (most recent call last):
  File "E:\python\django\News\.venv\Lib\site-packages\django\template\base.py", line 896, in _resolve_lookup
    current = current[int(bit)]
                      ^^^^^^^^
ValueError: invalid literal for int() with base 10: 'csp_nonce'

During handling of the above exception, another exception occurred:

Traceback (most recent call last):
  File "E:\python\django\News\.venv\Lib\site-packages\django\template\base.py", line 903, in _resolve_lookup
    raise VariableDoesNotExist(
django.template.base.VariableDoesNotExist: Failed lookup for key [csp_nonce] in <WSGIRequest: GET '/favicon.ico'>
Exception while resolving variable 'csp_nonce' in template 'debug_toolbar/base.html'.
Traceback (most recent call last):
  File "E:\python\django\News\.venv\Lib\site-packages\django\template\base.py", line 880, in _resolve_lookup
    current = current[bit]
              ~~~~~~~^^^^^
TypeError: 'WSGIRequest' object is not subscriptable

During handling of the above exception, another exception occurred:

Traceback (most recent call last):
  File "E:\python\django\News\.venv\Lib\site-packages\django\template\base.py", line 890, in _resolve_lookup
    current = getattr(current, bit)
              ^^^^^^^^^^^^^^^^^^^^^
AttributeError: 'WSGIRequest' object has no attribute 'csp_nonce'

During handling of the above exception, another exception occurred:

Traceback (most recent call last):
  File "E:\python\django\News\.venv\Lib\site-packages\django\template\base.py", line 896, in _resolve_lookup
    current = current[int(bit)]
                      ^^^^^^^^
ValueError: invalid literal for int() with base 10: 'csp_nonce'

During handling of the above exception, another exception occurred:

Traceback (most recent call last):
  File "E:\python\django\News\.venv\Lib\site-packages\django\template\base.py", line 903, in _resolve_lookup
    raise VariableDoesNotExist(
django.template.base.VariableDoesNotExist: Failed lookup for key [csp_nonce] in <WSGIRequest: GET '/favicon.ico'>
Not Found: /favicon.ico
"GET /favicon.ico HTTP/1.1" 404 16331
File E:\python\django\News\.venv\Lib\site-packages\tzdata\__init__.py first seen with mtime 1725061959.9408746
File E:\python\django\News\.venv\Lib\site-packages\django\conf\locale\en\formats.py first seen with mtime 1725236900.0093558
File C:\Python312\Lib\importlib\resources\readers.py first seen with mtime 1717692852.0
File E:\python\django\News\.venv\Lib\site-packages\django\conf\locale\en\__init__.py first seen with mtime 1725236900.0093558
File C:\Python312\Lib\importlib\resources\_itertools.py first seen with mtime 1717692852.0
File E:\python\django\News\.venv\Lib\site-packages\tzdata\zoneinfo\__init__.py first seen with mtime 1725061960.0346234
File C:\Python312\Lib\importlib\readers.py first seen with mtime 1717692852.0
(0.000) SELECT "django_session"."session_key", "django_session"."session_data", "django_session"."expire_date" FROM "django_session" WHERE ("django_session"."expire_date" > '2024-09-06 08:41:56.326018' AND "django_session"."session_key" = 'a5ymitqrnv9buxo5bjheksyj7rg8m7wr') LIMIT 21; args=('2024-09-06 08:41:56.326018', 'a5ymitqrnv9buxo5bjheksyj7rg8m7wr'); alias=default
(0.000) SELECT "auth_user"."id", "auth_user"."password", "auth_user"."last_login", "auth_user"."is_superuser", "auth_user"."username", "auth_user"."first_name", "auth_user"."last_name", "auth_user"."email", "auth_user"."is_staff", "auth_user"."is_active", "auth_user"."date_joined" FROM "auth_user" WHERE "auth_user"."id" = 1 LIMIT 21; args=(1,); alias=default
(0.000) SELECT "django_session"."session_key", "django_session"."session_data", "django_session"."expire_date" FROM "django_session" WHERE "django_session"."session_key" = 'a5ymitqrnv9buxo5bjheksyj7rg8m7wr' LIMIT 21; args=('a5ymitqrnv9buxo5bjheksyj7rg8m7wr',); alias=default
(0.109) DELETE FROM "django_session" WHERE "django_session"."session_key" IN ('a5ymitqrnv9buxo5bjheksyj7rg8m7wr'); args=('a5ymitqrnv9buxo5bjheksyj7rg8m7wr',); alias=default
Exception while resolving variable 'csp_nonce' in template 'debug_toolbar/base.html'.
Traceback (most recent call last):
  File "E:\python\django\News\.venv\Lib\site-packages\django\template\base.py", line 880, in _resolve_lookup
    current = current[bit]
              ~~~~~~~^^^^^
TypeError: 'WSGIRequest' object is not subscriptable

During handling of the above exception, another exception occurred:

Traceback (most recent call last):
  File "E:\python\django\News\.venv\Lib\site-packages\django\template\base.py", line 890, in _resolve_lookup
    current = getattr(current, bit)
              ^^^^^^^^^^^^^^^^^^^^^
AttributeError: 'WSGIRequest' object has no attribute 'csp_nonce'

During handling of the above exception, another exception occurred:

Traceback (most recent call last):
  File "E:\python\django\News\.venv\Lib\site-packages\django\template\base.py", line 896, in _resolve_lookup
    current = current[int(bit)]
                      ^^^^^^^^
ValueError: invalid literal for int() with base 10: 'csp_nonce'

During handling of the above exception, another exception occurred:

Traceback (most recent call last):
  File "E:\python\django\News\.venv\Lib\site-packages\django\template\base.py", line 903, in _resolve_lookup
    raise VariableDoesNotExist(
django.template.base.VariableDoesNotExist: Failed lookup for key [csp_nonce] in <WSGIRequest: GET '/auth/logout/'>
Exception while resolving variable 'csp_nonce' in template 'debug_toolbar/base.html'.
Traceback (most recent call last):
  File "E:\python\django\News\.venv\Lib\site-packages\django\template\base.py", line 880, in _resolve_lookup
    current = current[bit]
              ~~~~~~~^^^^^
TypeError: 'WSGIRequest' object is not subscriptable

During handling of the above exception, another exception occurred:

Traceback (most recent call last):
  File "E:\python\django\News\.venv\Lib\site-packages\django\template\base.py", line 890, in _resolve_lookup
    current = getattr(current, bit)
              ^^^^^^^^^^^^^^^^^^^^^
AttributeError: 'WSGIRequest' object has no attribute 'csp_nonce'

During handling of the above exception, another exception occurred:

Traceback (most recent call last):
  File "E:\python\django\News\.venv\Lib\site-packages\django\template\base.py", line 896, in _resolve_lookup
    current = current[int(bit)]
                      ^^^^^^^^
ValueError: invalid literal for int() with base 10: 'csp_nonce'

During handling of the above exception, another exception occurred:

Traceback (most recent call last):
  File "E:\python\django\News\.venv\Lib\site-packages\django\template\base.py", line 903, in _resolve_lookup
    raise VariableDoesNotExist(
django.template.base.VariableDoesNotExist: Failed lookup for key [csp_nonce] in <WSGIRequest: GET '/auth/logout/'>
Exception while resolving variable 'csp_nonce' in template 'debug_toolbar/base.html'.
Traceback (most recent call last):
  File "E:\python\django\News\.venv\Lib\site-packages\django\template\base.py", line 880, in _resolve_lookup
    current = current[bit]
              ~~~~~~~^^^^^
TypeError: 'WSGIRequest' object is not subscriptable

During handling of the above exception, another exception occurred:

Traceback (most recent call last):
  File "E:\python\django\News\.venv\Lib\site-packages\django\template\base.py", line 890, in _resolve_lookup
    current = getattr(current, bit)
              ^^^^^^^^^^^^^^^^^^^^^
AttributeError: 'WSGIRequest' object has no attribute 'csp_nonce'

During handling of the above exception, another exception occurred:

Traceback (most recent call last):
  File "E:\python\django\News\.venv\Lib\site-packages\django\template\base.py", line 896, in _resolve_lookup
    current = current[int(bit)]
                      ^^^^^^^^
ValueError: invalid literal for int() with base 10: 'csp_nonce'

During handling of the above exception, another exception occurred:

Traceback (most recent call last):
  File "E:\python\django\News\.venv\Lib\site-packages\django\template\base.py", line 903, in _resolve_lookup
    raise VariableDoesNotExist(
django.template.base.VariableDoesNotExist: Failed lookup for key [csp_nonce] in <WSGIRequest: GET '/auth/logout/'>
"GET /auth/logout/ HTTP/1.1" 302 0
Exception while resolving variable 'csp_nonce' in template 'debug_toolbar/base.html'.
Traceback (most recent call last):
  File "E:\python\django\News\.venv\Lib\site-packages\django\template\base.py", line 880, in _resolve_lookup
    current = current[bit]
              ~~~~~~~^^^^^
TypeError: 'WSGIRequest' object is not subscriptable

During handling of the above exception, another exception occurred:

Traceback (most recent call last):
  File "E:\python\django\News\.venv\Lib\site-packages\django\template\base.py", line 890, in _resolve_lookup
    current = getattr(current, bit)
              ^^^^^^^^^^^^^^^^^^^^^
AttributeError: 'WSGIRequest' object has no attribute 'csp_nonce'

During handling of the above exception, another exception occurred:

Traceback (most recent call last):
  File "E:\python\django\News\.venv\Lib\site-packages\django\template\base.py", line 896, in _resolve_lookup
    current = current[int(bit)]
                      ^^^^^^^^
ValueError: invalid literal for int() with base 10: 'csp_nonce'

During handling of the above exception, another exception occurred:

Traceback (most recent call last):
  File "E:\python\django\News\.venv\Lib\site-packages\django\template\base.py", line 903, in _resolve_lookup
    raise VariableDoesNotExist(
django.template.base.VariableDoesNotExist: Failed lookup for key [csp_nonce] in <WSGIRequest: GET '/auth/login/'>
Exception while resolving variable 'csp_nonce' in template 'debug_toolbar/base.html'.
Traceback (most recent call last):
  File "E:\python\django\News\.venv\Lib\site-packages\django\template\base.py", line 880, in _resolve_lookup
    current = current[bit]
              ~~~~~~~^^^^^
TypeError: 'WSGIRequest' object is not subscriptable

During handling of the above exception, another exception occurred:

Traceback (most recent call last):
  File "E:\python\django\News\.venv\Lib\site-packages\django\template\base.py", line 890, in _resolve_lookup
    current = getattr(current, bit)
              ^^^^^^^^^^^^^^^^^^^^^
AttributeError: 'WSGIRequest' object has no attribute 'csp_nonce'

During handling of the above exception, another exception occurred:

Traceback (most recent call last):
  File "E:\python\django\News\.venv\Lib\site-packages\django\template\base.py", line 896, in _resolve_lookup
    current = current[int(bit)]
                      ^^^^^^^^
ValueError: invalid literal for int() with base 10: 'csp_nonce'

During handling of the above exception, another exception occurred:

Traceback (most recent call last):
  File "E:\python\django\News\.venv\Lib\site-packages\django\template\base.py", line 903, in _resolve_lookup
    raise VariableDoesNotExist(
django.template.base.VariableDoesNotExist: Failed lookup for key [csp_nonce] in <WSGIRequest: GET '/auth/login/'>
Exception while resolving variable 'csp_nonce' in template 'debug_toolbar/base.html'.
Traceback (most recent call last):
  File "E:\python\django\News\.venv\Lib\site-packages\django\template\base.py", line 880, in _resolve_lookup
    current = current[bit]
              ~~~~~~~^^^^^
TypeError: 'WSGIRequest' object is not subscriptable

During handling of the above exception, another exception occurred:

Traceback (most recent call last):
  File "E:\python\django\News\.venv\Lib\site-packages\django\template\base.py", line 890, in _resolve_lookup
    current = getattr(current, bit)
              ^^^^^^^^^^^^^^^^^^^^^
AttributeError: 'WSGIRequest' object has no attribute 'csp_nonce'

During handling of the above exception, another exception occurred:

Traceback (most recent call last):
  File "E:\python\django\News\.venv\Lib\site-packages\django\template\base.py", line 896, in _resolve_lookup
    current = current[int(bit)]
                      ^^^^^^^^
ValueError: invalid literal for int() with base 10: 'csp_nonce'

During handling of the above exception, another exception occurred:

Traceback (most recent call last):
  File "E:\python\django\News\.venv\Lib\site-packages\django\template\base.py", line 903, in _resolve_lookup
    raise VariableDoesNotExist(
django.template.base.VariableDoesNotExist: Failed lookup for key [csp_nonce] in <WSGIRequest: GET '/auth/login/'>
"GET /auth/login/ HTTP/1.1" 200 14012
(0.000) SELECT "auth_user"."id", "auth_user"."password", "auth_user"."last_login", "auth_user"."is_superuser", "auth_user"."username", "auth_user"."first_name", "auth_user"."last_name", "auth_user"."email", "auth_user"."is_staff", "auth_user"."is_active", "auth_user"."date_joined" FROM "auth_user" WHERE "auth_user"."username" = 'youngke' LIMIT 21; args=('youngke',); alias=default
(0.000) SELECT 1 AS "a" FROM "django_session" WHERE "django_session"."session_key" = 'kjgzdsr91i5xgbwt4qkt062arlhu0m7t' LIMIT 1; args=(1, 'kjgzdsr91i5xgbwt4qkt062arlhu0m7t'); alias=default
(0.000) BEGIN; args=None; alias=default
(0.078) INSERT INTO "django_session" ("session_key", "session_data", "expire_date") VALUES ('kjgzdsr91i5xgbwt4qkt062arlhu0m7t', 'e30:1smUXa:_elLLaA9LH0Vs3DRrMjBolFRzmpOqt2ZAhU_FDY3gCM', '2024-09-20 08:42:02.474343'); args=('kjgzdsr91i5xgbwt4qkt062arlhu0m7t', 'e30:1smUXa:_elLLaA9LH0Vs3DRrMjBolFRzmpOqt2ZAhU_FDY3gCM', '2024-09-20 08:42:02.474343'); alias=default
(0.109) COMMIT; args=None; alias=default
(0.094) UPDATE "auth_user" SET "last_login" = '2024-09-06 08:42:02.672366' WHERE "auth_user"."id" = 1; args=('2024-09-06 08:42:02.672366', 1); alias=default
Exception while resolving variable 'csp_nonce' in template 'debug_toolbar/base.html'.
Traceback (most recent call last):
  File "E:\python\django\News\.venv\Lib\site-packages\django\template\base.py", line 880, in _resolve_lookup
    current = current[bit]
              ~~~~~~~^^^^^
TypeError: 'WSGIRequest' object is not subscriptable

During handling of the above exception, another exception occurred:

Traceback (most recent call last):
  File "E:\python\django\News\.venv\Lib\site-packages\django\template\base.py", line 890, in _resolve_lookup
    current = getattr(current, bit)
              ^^^^^^^^^^^^^^^^^^^^^
AttributeError: 'WSGIRequest' object has no attribute 'csp_nonce'

During handling of the above exception, another exception occurred:

Traceback (most recent call last):
  File "E:\python\django\News\.venv\Lib\site-packages\django\template\base.py", line 896, in _resolve_lookup
    current = current[int(bit)]
                      ^^^^^^^^
ValueError: invalid literal for int() with base 10: 'csp_nonce'

During handling of the above exception, another exception occurred:

Traceback (most recent call last):
  File "E:\python\django\News\.venv\Lib\site-packages\django\template\base.py", line 903, in _resolve_lookup
    raise VariableDoesNotExist(
django.template.base.VariableDoesNotExist: Failed lookup for key [csp_nonce] in <WSGIRequest: POST '/auth/login/'>
Exception while resolving variable 'csp_nonce' in template 'debug_toolbar/base.html'.
Traceback (most recent call last):
  File "E:\python\django\News\.venv\Lib\site-packages\django\template\base.py", line 880, in _resolve_lookup
    current = current[bit]
              ~~~~~~~^^^^^
TypeError: 'WSGIRequest' object is not subscriptable

During handling of the above exception, another exception occurred:

Traceback (most recent call last):
  File "E:\python\django\News\.venv\Lib\site-packages\django\template\base.py", line 890, in _resolve_lookup
    current = getattr(current, bit)
              ^^^^^^^^^^^^^^^^^^^^^
AttributeError: 'WSGIRequest' object has no attribute 'csp_nonce'

During handling of the above exception, another exception occurred:

Traceback (most recent call last):
  File "E:\python\django\News\.venv\Lib\site-packages\django\template\base.py", line 896, in _resolve_lookup
    current = current[int(bit)]
                      ^^^^^^^^
ValueError: invalid literal for int() with base 10: 'csp_nonce'

During handling of the above exception, another exception occurred:

Traceback (most recent call last):
  File "E:\python\django\News\.venv\Lib\site-packages\django\template\base.py", line 903, in _resolve_lookup
    raise VariableDoesNotExist(
django.template.base.VariableDoesNotExist: Failed lookup for key [csp_nonce] in <WSGIRequest: POST '/auth/login/'>
Exception while resolving variable 'csp_nonce' in template 'debug_toolbar/base.html'.
Traceback (most recent call last):
  File "E:\python\django\News\.venv\Lib\site-packages\django\template\base.py", line 880, in _resolve_lookup
    current = current[bit]
              ~~~~~~~^^^^^
TypeError: 'WSGIRequest' object is not subscriptable

During handling of the above exception, another exception occurred:

Traceback (most recent call last):
  File "E:\python\django\News\.venv\Lib\site-packages\django\template\base.py", line 890, in _resolve_lookup
    current = getattr(current, bit)
              ^^^^^^^^^^^^^^^^^^^^^
AttributeError: 'WSGIRequest' object has no attribute 'csp_nonce'

During handling of the above exception, another exception occurred:

Traceback (most recent call last):
  File "E:\python\django\News\.venv\Lib\site-packages\django\template\base.py", line 896, in _resolve_lookup
    current = current[int(bit)]
                      ^^^^^^^^
ValueError: invalid literal for int() with base 10: 'csp_nonce'

During handling of the above exception, another exception occurred:

Traceback (most recent call last):
  File "E:\python\django\News\.venv\Lib\site-packages\django\template\base.py", line 903, in _resolve_lookup
    raise VariableDoesNotExist(
django.template.base.VariableDoesNotExist: Failed lookup for key [csp_nonce] in <WSGIRequest: POST '/auth/login/'>
(0.000) BEGIN; args=None; alias=default
(0.000) UPDATE "django_session" SET "session_data" = '.eJxVjE0OwiAYBe_C2hAKFMWle89Avj-kaiAp7cp4d23ShW7fzLyXSrAuJa1d5jSxOqtBHX43BHpI3QDfod6aplaXeUK9KXqnXV8by_Oyu38HBXr51l4IguNIPnMQgxxGRiQwEYMIWIunbAGZLXn0o0Q6DpksRxecGBb1_gAwIznV:1smUXa:FzoOt8KNa03dGriMtxHPz5YL-NhFjZXqd4eTKNd8P4U', "expire_date" = '2024-09-20 08:42:02.855385' WHERE "django_session"."session_key" = 'kjgzdsr91i5xgbwt4qkt062arlhu0m7t'; args=('.eJxVjE0OwiAYBe_C2hAKFMWle89Avj-kaiAp7cp4d23ShW7fzLyXSrAuJa1d5jSxOqtBHX43BHpI3QDfod6aplaXeUK9KXqnXV8by_Oyu38HBXr51l4IguNIPnMQgxxGRiQwEYMIWIunbAGZLXn0o0Q6DpksRxecGBb1_gAwIznV:1smUXa:FzoOt8KNa03dGriMtxHPz5YL-NhFjZXqd4eTKNd8P4U', '2024-09-20 08:42:02.855385', 'kjgzdsr91i5xgbwt4qkt062arlhu0m7t'); alias=default
(0.094) COMMIT; args=None; alias=default
"POST /auth/login/ HTTP/1.1" 302 0
(0.000) SELECT COUNT(*) AS "__count" FROM "NewsApp_post"; args=(); alias=default
(0.000) SELECT "django_session"."session_key", "django_session"."session_data", "django_session"."expire_date" FROM "django_session" WHERE ("django_session"."expire_date" > '2024-09-06 08:42:02.972389' AND "django_session"."session_key" = 'kjgzdsr91i5xgbwt4qkt062arlhu0m7t') LIMIT 21; args=('2024-09-06 08:42:02.972389', 'kjgzdsr91i5xgbwt4qkt062arlhu0m7t'); alias=default
(0.000) SELECT "auth_user"."id", "auth_user"."password", "auth_user"."last_login", "auth_user"."is_superuser", "auth_user"."username", "auth_user"."first_name", "auth_user"."last_name", "auth_user"."email", "auth_user"."is_staff", "auth_user"."is_active", "auth_user"."date_joined" FROM "auth_user" WHERE "auth_user"."id" = 1 LIMIT 21; args=(1,); alias=default
(0.000) SELECT "NewsApp_post"."id", "NewsApp_post"."title", "NewsApp_post"."content", "NewsApp_post"."status", "NewsApp_post"."created_at", "NewsApp_post"."author" FROM "NewsApp_post" LIMIT 5; args=(); alias=default
Exception while resolving variable 'csp_nonce' in template 'debug_toolbar/base.html'.
Traceback (most recent call last):
  File "E:\python\django\News\.venv\Lib\site-packages\django\template\base.py", line 880, in _resolve_lookup
    current = current[bit]
              ~~~~~~~^^^^^
TypeError: 'WSGIRequest' object is not subscriptable

During handling of the above exception, another exception occurred:

Traceback (most recent call last):
  File "E:\python\django\News\.venv\Lib\site-packages\django\template\base.py", line 890, in _resolve_lookup
    current = getattr(current, bit)
              ^^^^^^^^^^^^^^^^^^^^^
AttributeError: 'WSGIRequest' object has no attribute 'csp_nonce'

During handling of the above exception, another exception occurred:

Traceback (most recent call last):
  File "E:\python\django\News\.venv\Lib\site-packages\django\template\base.py", line 896, in _resolve_lookup
    current = current[int(bit)]
                      ^^^^^^^^
ValueError: invalid literal for int() with base 10: 'csp_nonce'

During handling of the above exception, another exception occurred:

Traceback (most recent call last):
  File "E:\python\django\News\.venv\Lib\site-packages\django\template\base.py", line 903, in _resolve_lookup
    raise VariableDoesNotExist(
django.template.base.VariableDoesNotExist: Failed lookup for key [csp_nonce] in <WSGIRequest: GET '/'>
Exception while resolving variable 'csp_nonce' in template 'debug_toolbar/base.html'.
Traceback (most recent call last):
  File "E:\python\django\News\.venv\Lib\site-packages\django\template\base.py", line 880, in _resolve_lookup
    current = current[bit]
              ~~~~~~~^^^^^
TypeError: 'WSGIRequest' object is not subscriptable

During handling of the above exception, another exception occurred:

Traceback (most recent call last):
  File "E:\python\django\News\.venv\Lib\site-packages\django\template\base.py", line 890, in _resolve_lookup
    current = getattr(current, bit)
              ^^^^^^^^^^^^^^^^^^^^^
AttributeError: 'WSGIRequest' object has no attribute 'csp_nonce'

During handling of the above exception, another exception occurred:

Traceback (most recent call last):
  File "E:\python\django\News\.venv\Lib\site-packages\django\template\base.py", line 896, in _resolve_lookup
    current = current[int(bit)]
                      ^^^^^^^^
ValueError: invalid literal for int() with base 10: 'csp_nonce'

During handling of the above exception, another exception occurred:

Traceback (most recent call last):
  File "E:\python\django\News\.venv\Lib\site-packages\django\template\base.py", line 903, in _resolve_lookup
    raise VariableDoesNotExist(
django.template.base.VariableDoesNotExist: Failed lookup for key [csp_nonce] in <WSGIRequest: GET '/'>
Exception while resolving variable 'csp_nonce' in template 'debug_toolbar/base.html'.
Traceback (most recent call last):
  File "E:\python\django\News\.venv\Lib\site-packages\django\template\base.py", line 880, in _resolve_lookup
    current = current[bit]
              ~~~~~~~^^^^^
TypeError: 'WSGIRequest' object is not subscriptable

During handling of the above exception, another exception occurred:

Traceback (most recent call last):
  File "E:\python\django\News\.venv\Lib\site-packages\django\template\base.py", line 890, in _resolve_lookup
    current = getattr(current, bit)
              ^^^^^^^^^^^^^^^^^^^^^
AttributeError: 'WSGIRequest' object has no attribute 'csp_nonce'

During handling of the above exception, another exception occurred:

Traceback (most recent call last):
  File "E:\python\django\News\.venv\Lib\site-packages\django\template\base.py", line 896, in _resolve_lookup
    current = current[int(bit)]
                      ^^^^^^^^
ValueError: invalid literal for int() with base 10: 'csp_nonce'

During handling of the above exception, another exception occurred:

Traceback (most recent call last):
  File "E:\python\django\News\.venv\Lib\site-packages\django\template\base.py", line 903, in _resolve_lookup
    raise VariableDoesNotExist(
django.template.base.VariableDoesNotExist: Failed lookup for key [csp_nonce] in <WSGIRequest: GET '/'>
"GET / HTTP/1.1" 200 18853
(0.000) SELECT COUNT(*) AS "__count" FROM "NewsApp_post"; args=(); alias=default
(0.000) SELECT "django_session"."session_key", "django_session"."session_data", "django_session"."expire_date" FROM "django_session" WHERE ("django_session"."expire_date" > '2024-09-06 09:04:46.809883' AND "django_session"."session_key" = 'kjgzdsr91i5xgbwt4qkt062arlhu0m7t') LIMIT 21; args=('2024-09-06 09:04:46.809883', 'kjgzdsr91i5xgbwt4qkt062arlhu0m7t'); alias=default
(0.000) SELECT "auth_user"."id", "auth_user"."password", "auth_user"."last_login", "auth_user"."is_superuser", "auth_user"."username", "auth_user"."first_name", "auth_user"."last_name", "auth_user"."email", "auth_user"."is_staff", "auth_user"."is_active", "auth_user"."date_joined" FROM "auth_user" WHERE "auth_user"."id" = 1 LIMIT 21; args=(1,); alias=default
(0.000) SELECT "NewsApp_post"."id", "NewsApp_post"."title", "NewsApp_post"."content", "NewsApp_post"."status", "NewsApp_post"."created_at", "NewsApp_post"."author" FROM "NewsApp_post" LIMIT 5 OFFSET 5; args=(); alias=default
Exception while resolving variable 'csp_nonce' in template 'debug_toolbar/base.html'.
Traceback (most recent call last):
  File "E:\python\django\News\.venv\Lib\site-packages\django\template\base.py", line 880, in _resolve_lookup
    current = current[bit]
              ~~~~~~~^^^^^
TypeError: 'WSGIRequest' object is not subscriptable

During handling of the above exception, another exception occurred:

Traceback (most recent call last):
  File "E:\python\django\News\.venv\Lib\site-packages\django\template\base.py", line 890, in _resolve_lookup
    current = getattr(current, bit)
              ^^^^^^^^^^^^^^^^^^^^^
AttributeError: 'WSGIRequest' object has no attribute 'csp_nonce'

During handling of the above exception, another exception occurred:

Traceback (most recent call last):
  File "E:\python\django\News\.venv\Lib\site-packages\django\template\base.py", line 896, in _resolve_lookup
    current = current[int(bit)]
                      ^^^^^^^^
ValueError: invalid literal for int() with base 10: 'csp_nonce'

During handling of the above exception, another exception occurred:

Traceback (most recent call last):
  File "E:\python\django\News\.venv\Lib\site-packages\django\template\base.py", line 903, in _resolve_lookup
    raise VariableDoesNotExist(
django.template.base.VariableDoesNotExist: Failed lookup for key [csp_nonce] in <WSGIRequest: GET '/?page=2'>
Exception while resolving variable 'csp_nonce' in template 'debug_toolbar/base.html'.
Traceback (most recent call last):
  File "E:\python\django\News\.venv\Lib\site-packages\django\template\base.py", line 880, in _resolve_lookup
    current = current[bit]
              ~~~~~~~^^^^^
TypeError: 'WSGIRequest' object is not subscriptable

During handling of the above exception, another exception occurred:

Traceback (most recent call last):
  File "E:\python\django\News\.venv\Lib\site-packages\django\template\base.py", line 890, in _resolve_lookup
    current = getattr(current, bit)
              ^^^^^^^^^^^^^^^^^^^^^
AttributeError: 'WSGIRequest' object has no attribute 'csp_nonce'

During handling of the above exception, another exception occurred:

Traceback (most recent call last):
  File "E:\python\django\News\.venv\Lib\site-packages\django\template\base.py", line 896, in _resolve_lookup
    current = current[int(bit)]
                      ^^^^^^^^
ValueError: invalid literal for int() with base 10: 'csp_nonce'

During handling of the above exception, another exception occurred:

Traceback (most recent call last):
  File "E:\python\django\News\.venv\Lib\site-packages\django\template\base.py", line 903, in _resolve_lookup
    raise VariableDoesNotExist(
django.template.base.VariableDoesNotExist: Failed lookup for key [csp_nonce] in <WSGIRequest: GET '/?page=2'>
Exception while resolving variable 'csp_nonce' in template 'debug_toolbar/base.html'.
Traceback (most recent call last):
  File "E:\python\django\News\.venv\Lib\site-packages\django\template\base.py", line 880, in _resolve_lookup
    current = current[bit]
              ~~~~~~~^^^^^
TypeError: 'WSGIRequest' object is not subscriptable

During handling of the above exception, another exception occurred:

Traceback (most recent call last):
  File "E:\python\django\News\.venv\Lib\site-packages\django\template\base.py", line 890, in _resolve_lookup
    current = getattr(current, bit)
              ^^^^^^^^^^^^^^^^^^^^^
AttributeError: 'WSGIRequest' object has no attribute 'csp_nonce'

During handling of the above exception, another exception occurred:

Traceback (most recent call last):
  File "E:\python\django\News\.venv\Lib\site-packages\django\template\base.py", line 896, in _resolve_lookup
    current = current[int(bit)]
                      ^^^^^^^^
ValueError: invalid literal for int() with base 10: 'csp_nonce'

During handling of the above exception, another exception occurred:

Traceback (most recent call last):
  File "E:\python\django\News\.venv\Lib\site-packages\django\template\base.py", line 903, in _resolve_lookup
    raise VariableDoesNotExist(
django.template.base.VariableDoesNotExist: Failed lookup for key [csp_nonce] in <WSGIRequest: GET '/?page=2'>
"GET /?page=2 HTTP/1.1" 200 18835
(0.000) SELECT COUNT(*) AS "__count" FROM "NewsApp_post"; args=(); alias=default
(0.000) SELECT "django_session"."session_key", "django_session"."session_data", "django_session"."expire_date" FROM "django_session" WHERE ("django_session"."expire_date" > '2024-09-06 09:04:49.388420' AND "django_session"."session_key" = 'kjgzdsr91i5xgbwt4qkt062arlhu0m7t') LIMIT 21; args=('2024-09-06 09:04:49.388420', 'kjgzdsr91i5xgbwt4qkt062arlhu0m7t'); alias=default
(0.000) SELECT "auth_user"."id", "auth_user"."password", "auth_user"."last_login", "auth_user"."is_superuser", "auth_user"."username", "auth_user"."first_name", "auth_user"."last_name", "auth_user"."email", "auth_user"."is_staff", "auth_user"."is_active", "auth_user"."date_joined" FROM "auth_user" WHERE "auth_user"."id" = 1 LIMIT 21; args=(1,); alias=default
(0.000) SELECT "NewsApp_post"."id", "NewsApp_post"."title", "NewsApp_post"."content", "NewsApp_post"."status", "NewsApp_post"."created_at", "NewsApp_post"."author" FROM "NewsApp_post" LIMIT 7 OFFSET 10; args=(); alias=default
Exception while resolving variable 'csp_nonce' in template 'debug_toolbar/base.html'.
Traceback (most recent call last):
  File "E:\python\django\News\.venv\Lib\site-packages\django\template\base.py", line 880, in _resolve_lookup
    current = current[bit]
              ~~~~~~~^^^^^
TypeError: 'WSGIRequest' object is not subscriptable

During handling of the above exception, another exception occurred:

Traceback (most recent call last):
  File "E:\python\django\News\.venv\Lib\site-packages\django\template\base.py", line 890, in _resolve_lookup
    current = getattr(current, bit)
              ^^^^^^^^^^^^^^^^^^^^^
AttributeError: 'WSGIRequest' object has no attribute 'csp_nonce'

During handling of the above exception, another exception occurred:

Traceback (most recent call last):
  File "E:\python\django\News\.venv\Lib\site-packages\django\template\base.py", line 896, in _resolve_lookup
    current = current[int(bit)]
                      ^^^^^^^^
ValueError: invalid literal for int() with base 10: 'csp_nonce'

During handling of the above exception, another exception occurred:

Traceback (most recent call last):
  File "E:\python\django\News\.venv\Lib\site-packages\django\template\base.py", line 903, in _resolve_lookup
    raise VariableDoesNotExist(
django.template.base.VariableDoesNotExist: Failed lookup for key [csp_nonce] in <WSGIRequest: GET '/?page=3'>
Exception while resolving variable 'csp_nonce' in template 'debug_toolbar/base.html'.
Traceback (most recent call last):
  File "E:\python\django\News\.venv\Lib\site-packages\django\template\base.py", line 880, in _resolve_lookup
    current = current[bit]
              ~~~~~~~^^^^^
TypeError: 'WSGIRequest' object is not subscriptable

During handling of the above exception, another exception occurred:

Traceback (most recent call last):
  File "E:\python\django\News\.venv\Lib\site-packages\django\template\base.py", line 890, in _resolve_lookup
    current = getattr(current, bit)
              ^^^^^^^^^^^^^^^^^^^^^
AttributeError: 'WSGIRequest' object has no attribute 'csp_nonce'

During handling of the above exception, another exception occurred:

Traceback (most recent call last):
  File "E:\python\django\News\.venv\Lib\site-packages\django\template\base.py", line 896, in _resolve_lookup
    current = current[int(bit)]
                      ^^^^^^^^
ValueError: invalid literal for int() with base 10: 'csp_nonce'

During handling of the above exception, another exception occurred:

Traceback (most recent call last):
  File "E:\python\django\News\.venv\Lib\site-packages\django\template\base.py", line 903, in _resolve_lookup
    raise VariableDoesNotExist(
django.template.base.VariableDoesNotExist: Failed lookup for key [csp_nonce] in <WSGIRequest: GET '/?page=3'>
Exception while resolving variable 'csp_nonce' in template 'debug_toolbar/base.html'.
Traceback (most recent call last):
  File "E:\python\django\News\.venv\Lib\site-packages\django\template\base.py", line 880, in _resolve_lookup
    current = current[bit]
              ~~~~~~~^^^^^
TypeError: 'WSGIRequest' object is not subscriptable

During handling of the above exception, another exception occurred:

Traceback (most recent call last):
  File "E:\python\django\News\.venv\Lib\site-packages\django\template\base.py", line 890, in _resolve_lookup
    current = getattr(current, bit)
              ^^^^^^^^^^^^^^^^^^^^^
AttributeError: 'WSGIRequest' object has no attribute 'csp_nonce'

During handling of the above exception, another exception occurred:

Traceback (most recent call last):
  File "E:\python\django\News\.venv\Lib\site-packages\django\template\base.py", line 896, in _resolve_lookup
    current = current[int(bit)]
                      ^^^^^^^^
ValueError: invalid literal for int() with base 10: 'csp_nonce'

During handling of the above exception, another exception occurred:

Traceback (most recent call last):
  File "E:\python\django\News\.venv\Lib\site-packages\django\template\base.py", line 903, in _resolve_lookup
    raise VariableDoesNotExist(
django.template.base.VariableDoesNotExist: Failed lookup for key [csp_nonce] in <WSGIRequest: GET '/?page=3'>
"GET /?page=3 HTTP/1.1" 200 19784
File E:\python\django\News\News\News\settings.py previous mtime: 1725612081.2759428, current mtime: 1725613610.5933337
E:\python\django\News\News\News\settings.py notified as changed. Signal results: [(<function template_changed at 0x000001B27B9A99E0>, None), (<function translation_file_changed at 0x000001B27CCB1940>, None)].
E:\python\django\News\News\News\settings.py changed, reloading.
